{"E:\\toolkit-use\\src\\index.ts": {"path":"E:\\toolkit-use\\src\\index.ts","statementMap":{"0":{"start":{"line":1,"column":0},"end":{"line":1,"column":9}},"1":{"start":{"line":13,"column":2},"end":{"line":1,"column":78}},"2":{"start":{"line":2,"column":0},"end":{"line":2,"column":9}},"3":{"start":{"line":15,"column":2},"end":{"line":2,"column":47}},"4":{"start":{"line":3,"column":0},"end":{"line":3,"column":9}},"5":{"start":{"line":16,"column":2},"end":{"line":3,"column":45}},"6":{"start":{"line":4,"column":0},"end":{"line":4,"column":9}},"7":{"start":{"line":17,"column":2},"end":{"line":4,"column":51}},"8":{"start":{"line":5,"column":0},"end":{"line":5,"column":9}},"9":{"start":{"line":18,"column":2},"end":{"line":5,"column":53}},"10":{"start":{"line":6,"column":0},"end":{"line":6,"column":9}},"11":{"start":{"line":19,"column":2},"end":{"line":6,"column":49}},"12":{"start":{"line":7,"column":0},"end":{"line":7,"column":9}},"13":{"start":{"line":20,"column":2},"end":{"line":7,"column":49}},"14":{"start":{"line":8,"column":0},"end":{"line":8,"column":9}},"15":{"start":{"line":21,"column":2},"end":{"line":8,"column":47}},"16":{"start":{"line":9,"column":0},"end":{"line":9,"column":9}},"17":{"start":{"line":22,"column":2},"end":{"line":9,"column":43}},"18":{"start":{"line":10,"column":0},"end":{"line":10,"column":9}},"19":{"start":{"line":23,"column":2},"end":{"line":10,"column":45}}},"fnMap":{"0":{"name":"(anonymous_0)","decl":{"start":{"line":13,"column":2},"end":{"line":13,"column":21}},"loc":{"start":{"line":13,"column":2},"end":{"line":1,"column":78}}},"1":{"name":"(anonymous_1)","decl":{"start":{"line":15,"column":2},"end":{"line":15,"column":17}},"loc":{"start":{"line":15,"column":2},"end":{"line":2,"column":47}}},"2":{"name":"(anonymous_2)","decl":{"start":{"line":16,"column":2},"end":{"line":16,"column":16}},"loc":{"start":{"line":16,"column":2},"end":{"line":3,"column":45}}},"3":{"name":"(anonymous_3)","decl":{"start":{"line":17,"column":2},"end":{"line":17,"column":19}},"loc":{"start":{"line":17,"column":2},"end":{"line":4,"column":51}}},"4":{"name":"(anonymous_4)","decl":{"start":{"line":18,"column":2},"end":{"line":18,"column":20}},"loc":{"start":{"line":18,"column":2},"end":{"line":5,"column":53}}},"5":{"name":"(anonymous_5)","decl":{"start":{"line":19,"column":2},"end":{"line":19,"column":18}},"loc":{"start":{"line":19,"column":2},"end":{"line":6,"column":49}}},"6":{"name":"(anonymous_6)","decl":{"start":{"line":20,"column":2},"end":{"line":20,"column":18}},"loc":{"start":{"line":20,"column":2},"end":{"line":7,"column":49}}},"7":{"name":"(anonymous_7)","decl":{"start":{"line":21,"column":2},"end":{"line":21,"column":17}},"loc":{"start":{"line":21,"column":2},"end":{"line":8,"column":47}}},"8":{"name":"(anonymous_8)","decl":{"start":{"line":22,"column":2},"end":{"line":22,"column":15}},"loc":{"start":{"line":22,"column":2},"end":{"line":9,"column":43}}},"9":{"name":"(anonymous_9)","decl":{"start":{"line":23,"column":2},"end":{"line":23,"column":19}},"loc":{"start":{"line":23,"column":2},"end":{"line":10,"column":45}}}},"branchMap":{},"s":{"0":5,"1":5,"2":5,"3":9,"4":5,"5":16,"6":5,"7":8,"8":5,"9":5,"10":5,"11":6,"12":5,"13":10,"14":5,"15":5,"16":5,"17":5,"18":5,"19":5},"f":{"0":0,"1":4,"2":11,"3":3,"4":0,"5":1,"6":5,"7":0,"8":0,"9":0},"b":{}}
,"E:\\toolkit-use\\src\\array\\index.ts": {"path":"E:\\toolkit-use\\src\\array\\index.ts","statementMap":{"0":{"start":{"line":2,"column":13},"end":{"line":49,"column":null}},"1":{"start":{"line":10,"column":21},"end":{"line":10,"column":23}},"2":{"start":{"line":11,"column":26},"end":{"line":11,"column":28}},"3":{"start":{"line":12,"column":4},"end":{"line":17,"column":null}},"4":{"start":{"line":12,"column":17},"end":{"line":12,"column":18}},"5":{"start":{"line":13,"column":6},"end":{"line":16,"column":null}},"6":{"start":{"line":14,"column":8},"end":{"line":14,"column":null}},"7":{"start":{"line":15,"column":8},"end":{"line":15,"column":null}},"8":{"start":{"line":18,"column":4},"end":{"line":18,"column":null}},"9":{"start":{"line":26,"column":16},"end":{"line":26,"column":28}},"10":{"start":{"line":27,"column":17},"end":{"line":27,"column":32}},"11":{"start":{"line":28,"column":4},"end":{"line":28,"column":null}},"12":{"start":{"line":36,"column":4},"end":{"line":41,"column":null}},"13":{"start":{"line":40,"column":6},"end":{"line":40,"column":null}},"14":{"start":{"line":43,"column":19},"end":{"line":43,"column":47}},"15":{"start":{"line":44,"column":4},"end":{"line":46,"column":null}},"16":{"start":{"line":45,"column":6},"end":{"line":45,"column":null}},"17":{"start":{"line":47,"column":4},"end":{"line":47,"column":null}}},"fnMap":{"0":{"name":"(anonymous_0)","decl":{"start":{"line":9,"column":20},"end":{"line":9,"column":21}},"loc":{"start":{"line":9,"column":51},"end":{"line":19,"column":3}}},"1":{"name":"(anonymous_1)","decl":{"start":{"line":25,"column":18},"end":{"line":25,"column":19}},"loc":{"start":{"line":25,"column":33},"end":{"line":29,"column":3}}},"2":{"name":"(anonymous_2)","decl":{"start":{"line":35,"column":13},"end":{"line":35,"column":14}},"loc":{"start":{"line":35,"column":26},"end":{"line":48,"column":3}}}},"branchMap":{"0":{"loc":{"start":{"line":13,"column":6},"end":{"line":16,"column":null}},"type":"if","locations":[{"start":{"line":13,"column":6},"end":{"line":16,"column":null}}]},"1":{"loc":{"start":{"line":36,"column":4},"end":{"line":41,"column":null}},"type":"if","locations":[{"start":{"line":36,"column":4},"end":{"line":41,"column":null}}]},"2":{"loc":{"start":{"line":37,"column":6},"end":{"line":38,"column":60}},"type":"binary-expr","locations":[{"start":{"line":37,"column":6},"end":{"line":37,"column":49}},{"start":{"line":38,"column":7},"end":{"line":38,"column":30}},{"start":{"line":38,"column":34},"end":{"line":38,"column":59}}]},"3":{"loc":{"start":{"line":43,"column":19},"end":{"line":43,"column":47}},"type":"cond-expr","locations":[{"start":{"line":43,"column":40},"end":{"line":43,"column":42}},{"start":{"line":43,"column":45},"end":{"line":43,"column":47}}]},"4":{"loc":{"start":{"line":45,"column":13},"end":{"line":45,"column":84}},"type":"cond-expr","locations":[{"start":{"line":45,"column":42},"end":{"line":45,"column":75}},{"start":{"line":45,"column":78},"end":{"line":45,"column":84}}]}},"s":{"0":5,"1":1,"2":1,"3":1,"4":1,"5":4,"6":3,"7":3,"8":1,"9":1,"10":1,"11":1,"12":5,"13":0,"14":5,"15":5,"16":12,"17":5},"f":{"0":1,"1":1,"2":5},"b":{"0":[3],"1":[0],"2":[5,5,0],"3":[1,4],"4":[3,9]}}
,"E:\\toolkit-use\\src\\clip\\index.ts": {"path":"E:\\toolkit-use\\src\\clip\\index.ts","statementMap":{"0":{"start":{"line":1,"column":0},"end":{"line":1,"column":34}},"1":{"start":{"line":8,"column":26},"end":{"line":8,"column":28}},"2":{"start":{"line":9,"column":27},"end":{"line":9,"column":29}},"3":{"start":{"line":15,"column":4},"end":{"line":15,"column":null}},"4":{"start":{"line":16,"column":4},"end":{"line":17,"column":null}},"5":{"start":{"line":18,"column":4},"end":{"line":20,"column":null}},"6":{"start":{"line":19,"column":18},"end":{"line":19,"column":28}},"7":{"start":{"line":21,"column":4},"end":{"line":21,"column":null}},"8":{"start":{"line":26,"column":4},"end":{"line":29,"column":null}},"9":{"start":{"line":27,"column":6},"end":{"line":27,"column":59}},"10":{"start":{"line":28,"column":6},"end":{"line":28,"column":null}},"11":{"start":{"line":31,"column":4},"end":{"line":34,"column":null}},"12":{"start":{"line":32,"column":6},"end":{"line":32,"column":55}},"13":{"start":{"line":33,"column":6},"end":{"line":33,"column":null}},"14":{"start":{"line":36,"column":4},"end":{"line":36,"column":null}},"15":{"start":{"line":42,"column":2},"end":{"line":42,"column":21}}},"fnMap":{"0":{"name":"(anonymous_0)","decl":{"start":{"line":14,"column":2},"end":{"line":14,"column":14}},"loc":{"start":{"line":14,"column":49},"end":{"line":22,"column":3}}},"1":{"name":"(anonymous_1)","decl":{"start":{"line":19,"column":12},"end":{"line":19,"column":15}},"loc":{"start":{"line":19,"column":18},"end":{"line":19,"column":28}}},"2":{"name":"(anonymous_2)","decl":{"start":{"line":25,"column":2},"end":{"line":25,"column":6}},"loc":{"start":{"line":25,"column":6},"end":{"line":37,"column":3}}},"3":{"name":"(anonymous_3)","decl":{"start":{"line":26,"column":34},"end":{"line":26,"column":37}},"loc":{"start":{"line":26,"column":39},"end":{"line":29,"column":5}}},"4":{"name":"(anonymous_4)","decl":{"start":{"line":31,"column":32},"end":{"line":31,"column":35}},"loc":{"start":{"line":31,"column":37},"end":{"line":34,"column":5}}}},"branchMap":{"0":{"loc":{"start":{"line":27,"column":6},"end":{"line":27,"column":58}},"type":"binary-expr","locations":[{"start":{"line":27,"column":6},"end":{"line":27,"column":29}},{"start":{"line":27,"column":33},"end":{"line":27,"column":58}}]},"1":{"loc":{"start":{"line":32,"column":6},"end":{"line":32,"column":54}},"type":"binary-expr","locations":[{"start":{"line":32,"column":6},"end":{"line":32,"column":27}},{"start":{"line":32,"column":31},"end":{"line":32,"column":54}}]}},"s":{"0":5,"1":0,"2":0,"3":0,"4":0,"5":0,"6":0,"7":0,"8":0,"9":0,"10":0,"11":0,"12":0,"13":0,"14":0,"15":5},"f":{"0":0,"1":0,"2":0,"3":0,"4":0},"b":{"0":[0,0],"1":[0,0]}}
,"E:\\toolkit-use\\src\\date\\index.ts": {"path":"E:\\toolkit-use\\src\\date\\index.ts","statementMap":{"0":{"start":{"line":2,"column":13},"end":{"line":234,"column":null}},"1":{"start":{"line":10,"column":4},"end":{"line":10,"column":null}},"2":{"start":{"line":11,"column":47},"end":{"line":20,"column":null}},"3":{"start":{"line":21,"column":41},"end":{"line":29,"column":null}},"4":{"start":{"line":30,"column":4},"end":{"line":32,"column":null}},"5":{"start":{"line":31,"column":6},"end":{"line":31,"column":null}},"6":{"start":{"line":33,"column":4},"end":{"line":39,"column":null}},"7":{"start":{"line":34,"column":6},"end":{"line":38,"column":null}},"8":{"start":{"line":40,"column":4},"end":{"line":47,"column":null}},"9":{"start":{"line":41,"column":6},"end":{"line":46,"column":null}},"10":{"start":{"line":42,"column":8},"end":{"line":45,"column":null}},"11":{"start":{"line":48,"column":4},"end":{"line":48,"column":null}},"12":{"start":{"line":56,"column":4},"end":{"line":60,"column":null}},"13":{"start":{"line":57,"column":6},"end":{"line":57,"column":null}},"14":{"start":{"line":59,"column":6},"end":{"line":59,"column":null}},"15":{"start":{"line":68,"column":16},"end":{"line":68,"column":30}},"16":{"start":{"line":69,"column":16},"end":{"line":69,"column":51}},"17":{"start":{"line":70,"column":4},"end":{"line":70,"column":33}},"18":{"start":{"line":79,"column":4},"end":{"line":79,"column":40}},"19":{"start":{"line":80,"column":4},"end":{"line":80,"column":42}},"20":{"start":{"line":80,"column":33},"end":{"line":80,"column":42}},"21":{"start":{"line":81,"column":17},"end":{"line":81,"column":65}},"22":{"start":{"line":82,"column":4},"end":{"line":84,"column":null}},"23":{"start":{"line":83,"column":6},"end":{"line":83,"column":21}},"24":{"start":{"line":85,"column":4},"end":{"line":85,"column":25}},"25":{"start":{"line":93,"column":15},"end":{"line":93,"column":36}},"26":{"start":{"line":94,"column":4},"end":{"line":94,"column":34}},"27":{"start":{"line":102,"column":17},"end":{"line":102,"column":27}},"28":{"start":{"line":103,"column":17},"end":{"line":103,"column":35}},"29":{"start":{"line":104,"column":14},"end":{"line":104,"column":61}},"30":{"start":{"line":105,"column":12},"end":{"line":105,"column":54}},"31":{"start":{"line":106,"column":13},"end":{"line":106,"column":56}},"32":{"start":{"line":107,"column":15},"end":{"line":107,"column":60}},"33":{"start":{"line":108,"column":15},"end":{"line":108,"column":60}},"34":{"start":{"line":110,"column":4},"end":{"line":158,"column":null}},"35":{"start":{"line":112,"column":8},"end":{"line":112,"column":45}},"36":{"start":{"line":113,"column":8},"end":{"line":113,"column":14}},"37":{"start":{"line":115,"column":8},"end":{"line":115,"column":45}},"38":{"start":{"line":116,"column":8},"end":{"line":116,"column":14}},"39":{"start":{"line":118,"column":8},"end":{"line":129,"column":17}},"40":{"start":{"line":130,"column":8},"end":{"line":130,"column":14}},"41":{"start":{"line":132,"column":8},"end":{"line":132,"column":49}},"42":{"start":{"line":133,"column":8},"end":{"line":133,"column":14}},"43":{"start":{"line":135,"column":8},"end":{"line":135,"column":19}},"44":{"start":{"line":136,"column":8},"end":{"line":136,"column":14}},"45":{"start":{"line":138,"column":8},"end":{"line":138,"column":20}},"46":{"start":{"line":139,"column":8},"end":{"line":139,"column":14}},"47":{"start":{"line":141,"column":8},"end":{"line":141,"column":18}},"48":{"start":{"line":142,"column":8},"end":{"line":142,"column":14}},"49":{"start":{"line":144,"column":8},"end":{"line":144,"column":19}},"50":{"start":{"line":145,"column":8},"end":{"line":145,"column":14}},"51":{"start":{"line":147,"column":8},"end":{"line":147,"column":21}},"52":{"start":{"line":148,"column":8},"end":{"line":148,"column":14}},"53":{"start":{"line":150,"column":8},"end":{"line":150,"column":21}},"54":{"start":{"line":151,"column":8},"end":{"line":151,"column":14}},"55":{"start":{"line":153,"column":8},"end":{"line":153,"column":32}},"56":{"start":{"line":154,"column":8},"end":{"line":154,"column":14}},"57":{"start":{"line":156,"column":8},"end":{"line":156,"column":21}},"58":{"start":{"line":157,"column":8},"end":{"line":157,"column":14}},"59":{"start":{"line":159,"column":4},"end":{"line":159,"column":15}},"60":{"start":{"line":167,"column":15},"end":{"line":167,"column":29}},"61":{"start":{"line":168,"column":15},"end":{"line":168,"column":32}},"62":{"start":{"line":169,"column":14},"end":{"line":169,"column":31}},"63":{"start":{"line":170,"column":12},"end":{"line":170,"column":29}},"64":{"start":{"line":171,"column":4},"end":{"line":172,"column":21}},"65":{"start":{"line":172,"column":6},"end":{"line":172,"column":21}},"66":{"start":{"line":173,"column":4},"end":{"line":173,"column":13}},"67":{"start":{"line":174,"column":4},"end":{"line":176,"column":null}},"68":{"start":{"line":175,"column":6},"end":{"line":175,"column":100}},"69":{"start":{"line":177,"column":4},"end":{"line":177,"column":15}},"70":{"start":{"line":178,"column":4},"end":{"line":180,"column":null}},"71":{"start":{"line":179,"column":6},"end":{"line":179,"column":109}},"72":{"start":{"line":181,"column":4},"end":{"line":181,"column":14}},"73":{"start":{"line":182,"column":4},"end":{"line":182,"column":73}},"74":{"start":{"line":190,"column":15},"end":{"line":190,"column":29}},"75":{"start":{"line":191,"column":15},"end":{"line":191,"column":32}},"76":{"start":{"line":192,"column":14},"end":{"line":192,"column":31}},"77":{"start":{"line":193,"column":12},"end":{"line":193,"column":29}},"78":{"start":{"line":194,"column":4},"end":{"line":195,"column":21}},"79":{"start":{"line":195,"column":6},"end":{"line":195,"column":21}},"80":{"start":{"line":196,"column":4},"end":{"line":196,"column":13}},"81":{"start":{"line":197,"column":4},"end":{"line":199,"column":null}},"82":{"start":{"line":198,"column":6},"end":{"line":198,"column":100}},"83":{"start":{"line":200,"column":4},"end":{"line":200,"column":15}},"84":{"start":{"line":201,"column":4},"end":{"line":203,"column":null}},"85":{"start":{"line":202,"column":6},"end":{"line":202,"column":73}},"86":{"start":{"line":204,"column":4},"end":{"line":204,"column":14}},"87":{"start":{"line":205,"column":4},"end":{"line":205,"column":42}},"88":{"start":{"line":213,"column":4},"end":{"line":213,"column":52}},"89":{"start":{"line":213,"column":36},"end":{"line":213,"column":52}},"90":{"start":{"line":214,"column":14},"end":{"line":214,"column":68}},"91":{"start":{"line":215,"column":4},"end":{"line":215,"column":28}},"92":{"start":{"line":216,"column":4},"end":{"line":218,"column":null}},"93":{"start":{"line":217,"column":6},"end":{"line":217,"column":45}},"94":{"start":{"line":219,"column":4},"end":{"line":219,"column":15}},"95":{"start":{"line":227,"column":4},"end":{"line":227,"column":52}},"96":{"start":{"line":227,"column":36},"end":{"line":227,"column":52}},"97":{"start":{"line":228,"column":14},"end":{"line":228,"column":68}},"98":{"start":{"line":229,"column":4},"end":{"line":231,"column":null}},"99":{"start":{"line":230,"column":6},"end":{"line":230,"column":44}},"100":{"start":{"line":232,"column":4},"end":{"line":232,"column":15}}},"fnMap":{"0":{"name":"(anonymous_0)","decl":{"start":{"line":9,"column":14},"end":{"line":9,"column":15}},"loc":{"start":{"line":9,"column":57},"end":{"line":49,"column":3}}},"1":{"name":"(anonymous_1)","decl":{"start":{"line":55,"column":10},"end":{"line":55,"column":11}},"loc":{"start":{"line":55,"column":27},"end":{"line":61,"column":3}}},"2":{"name":"(anonymous_2)","decl":{"start":{"line":67,"column":11},"end":{"line":67,"column":12}},"loc":{"start":{"line":67,"column":35},"end":{"line":71,"column":3}}},"3":{"name":"(anonymous_3)","decl":{"start":{"line":78,"column":16},"end":{"line":78,"column":17}},"loc":{"start":{"line":78,"column":56},"end":{"line":86,"column":3}}},"4":{"name":"(anonymous_4)","decl":{"start":{"line":92,"column":15},"end":{"line":92,"column":16}},"loc":{"start":{"line":92,"column":31},"end":{"line":95,"column":3}}},"5":{"name":"(anonymous_5)","decl":{"start":{"line":101,"column":12},"end":{"line":101,"column":13}},"loc":{"start":{"line":101,"column":35},"end":{"line":160,"column":3}}},"6":{"name":"(anonymous_6)","decl":{"start":{"line":166,"column":16},"end":{"line":166,"column":17}},"loc":{"start":{"line":166,"column":32},"end":{"line":183,"column":3}}},"7":{"name":"(anonymous_7)","decl":{"start":{"line":189,"column":15},"end":{"line":189,"column":16}},"loc":{"start":{"line":189,"column":31},"end":{"line":206,"column":3}}},"8":{"name":"(anonymous_8)","decl":{"start":{"line":212,"column":14},"end":{"line":212,"column":15}},"loc":{"start":{"line":212,"column":42},"end":{"line":220,"column":3}}},"9":{"name":"(anonymous_9)","decl":{"start":{"line":226,"column":13},"end":{"line":226,"column":14}},"loc":{"start":{"line":226,"column":41},"end":{"line":233,"column":3}}}},"branchMap":{"0":{"loc":{"start":{"line":14,"column":12},"end":{"line":14,"column":72}},"type":"cond-expr","locations":[{"start":{"line":14,"column":44},"end":{"line":14,"column":46}},{"start":{"line":14,"column":49},"end":{"line":14,"column":72}}]},"1":{"loc":{"start":{"line":30,"column":4},"end":{"line":32,"column":null}},"type":"if","locations":[{"start":{"line":30,"column":4},"end":{"line":32,"column":null}}]},"2":{"loc":{"start":{"line":33,"column":4},"end":{"line":39,"column":null}},"type":"if","locations":[{"start":{"line":33,"column":4},"end":{"line":39,"column":null}}]},"3":{"loc":{"start":{"line":36,"column":9},"end":{"line":36,"column":87}},"type":"cond-expr","locations":[{"start":{"line":36,"column":33},"end":{"line":36,"column":81}},{"start":{"line":36,"column":85},"end":{"line":36,"column":87}}]},"4":{"loc":{"start":{"line":36,"column":33},"end":{"line":36,"column":81}},"type":"cond-expr","locations":[{"start":{"line":36,"column":56},"end":{"line":36,"column":70}},{"start":{"line":36,"column":73},"end":{"line":36,"column":81}}]},"5":{"loc":{"start":{"line":41,"column":6},"end":{"line":46,"column":null}},"type":"if","locations":[{"start":{"line":41,"column":6},"end":{"line":46,"column":null}}]},"6":{"loc":{"start":{"line":44,"column":10},"end":{"line":44,"column":86}},"type":"cond-expr","locations":[{"start":{"line":44,"column":34},"end":{"line":44,"column":43}},{"start":{"line":44,"column":46},"end":{"line":44,"column":86}}]},"7":{"loc":{"start":{"line":56,"column":4},"end":{"line":60,"column":null}},"type":"if","locations":[{"start":{"line":56,"column":4},"end":{"line":60,"column":null}},{"start":{"line":58,"column":11},"end":{"line":60,"column":null}}]},"8":{"loc":{"start":{"line":56,"column":8},"end":{"line":56,"column":64}},"type":"binary-expr","locations":[{"start":{"line":56,"column":9},"end":{"line":56,"column":23}},{"start":{"line":56,"column":27},"end":{"line":56,"column":43}},{"start":{"line":56,"column":48},"end":{"line":56,"column":64}}]},"9":{"loc":{"start":{"line":80,"column":4},"end":{"line":80,"column":42}},"type":"if","locations":[{"start":{"line":80,"column":4},"end":{"line":80,"column":42}}]},"10":{"loc":{"start":{"line":80,"column":8},"end":{"line":80,"column":31}},"type":"binary-expr","locations":[{"start":{"line":80,"column":8},"end":{"line":80,"column":17}},{"start":{"line":80,"column":21},"end":{"line":80,"column":31}}]},"11":{"loc":{"start":{"line":82,"column":4},"end":{"line":84,"column":null}},"type":"if","locations":[{"start":{"line":82,"column":4},"end":{"line":84,"column":null}}]},"12":{"loc":{"start":{"line":94,"column":11},"end":{"line":94,"column":33}},"type":"cond-expr","locations":[{"start":{"line":94,"column":20},"end":{"line":94,"column":22}},{"start":{"line":94,"column":25},"end":{"line":94,"column":33}}]},"13":{"loc":{"start":{"line":101,"column":13},"end":{"line":101,"column":31}},"type":"default-arg","locations":[{"start":{"line":101,"column":19},"end":{"line":101,"column":31}}]},"14":{"loc":{"start":{"line":110,"column":4},"end":{"line":158,"column":null}},"type":"switch","locations":[{"start":{"line":111,"column":6},"end":{"line":113,"column":14}},{"start":{"line":114,"column":6},"end":{"line":116,"column":14}},{"start":{"line":117,"column":6},"end":{"line":130,"column":14}},{"start":{"line":131,"column":6},"end":{"line":133,"column":14}},{"start":{"line":134,"column":6},"end":{"line":136,"column":14}},{"start":{"line":137,"column":6},"end":{"line":139,"column":14}},{"start":{"line":140,"column":6},"end":{"line":142,"column":14}},{"start":{"line":143,"column":6},"end":{"line":145,"column":14}},{"start":{"line":146,"column":6},"end":{"line":148,"column":14}},{"start":{"line":149,"column":6},"end":{"line":151,"column":14}},{"start":{"line":152,"column":6},"end":{"line":154,"column":14}},{"start":{"line":155,"column":6},"end":{"line":157,"column":14}}]},"15":{"loc":{"start":{"line":171,"column":4},"end":{"line":172,"column":21}},"type":"if","locations":[{"start":{"line":171,"column":4},"end":{"line":172,"column":21}}]},"16":{"loc":{"start":{"line":171,"column":8},"end":{"line":171,"column":81}},"type":"binary-expr","locations":[{"start":{"line":171,"column":8},"end":{"line":171,"column":18}},{"start":{"line":171,"column":22},"end":{"line":171,"column":31}},{"start":{"line":171,"column":35},"end":{"line":171,"column":81}}]},"17":{"loc":{"start":{"line":174,"column":4},"end":{"line":176,"column":null}},"type":"if","locations":[{"start":{"line":174,"column":4},"end":{"line":176,"column":null}}]},"18":{"loc":{"start":{"line":178,"column":4},"end":{"line":180,"column":null}},"type":"if","locations":[{"start":{"line":178,"column":4},"end":{"line":180,"column":null}}]},"19":{"loc":{"start":{"line":194,"column":4},"end":{"line":195,"column":21}},"type":"if","locations":[{"start":{"line":194,"column":4},"end":{"line":195,"column":21}}]},"20":{"loc":{"start":{"line":194,"column":8},"end":{"line":194,"column":81}},"type":"binary-expr","locations":[{"start":{"line":194,"column":8},"end":{"line":194,"column":18}},{"start":{"line":194,"column":22},"end":{"line":194,"column":31}},{"start":{"line":194,"column":35},"end":{"line":194,"column":81}}]},"21":{"loc":{"start":{"line":197,"column":4},"end":{"line":199,"column":null}},"type":"if","locations":[{"start":{"line":197,"column":4},"end":{"line":199,"column":null}}]},"22":{"loc":{"start":{"line":201,"column":4},"end":{"line":203,"column":null}},"type":"if","locations":[{"start":{"line":201,"column":4},"end":{"line":203,"column":null}}]},"23":{"loc":{"start":{"line":213,"column":4},"end":{"line":213,"column":52}},"type":"if","locations":[{"start":{"line":213,"column":4},"end":{"line":213,"column":52}}]},"24":{"loc":{"start":{"line":227,"column":4},"end":{"line":227,"column":52}},"type":"if","locations":[{"start":{"line":227,"column":4},"end":{"line":227,"column":52}}]}},"s":{"0":5,"1":3,"2":3,"3":3,"4":3,"5":3,"6":3,"7":0,"8":3,"9":24,"10":15,"11":3,"12":27,"13":1,"14":26,"15":1,"16":1,"17":1,"18":25,"19":25,"20":0,"21":25,"22":25,"23":0,"24":25,"25":38,"26":38,"27":1,"28":1,"29":1,"30":1,"31":1,"32":1,"33":1,"34":1,"35":1,"36":1,"37":0,"38":0,"39":0,"40":0,"41":0,"42":0,"43":0,"44":0,"45":0,"46":0,"47":0,"48":0,"49":0,"50":0,"51":0,"52":0,"53":0,"54":0,"55":0,"56":0,"57":0,"58":0,"59":1,"60":8,"61":8,"62":8,"63":8,"64":8,"65":0,"66":8,"67":8,"68":8,"69":0,"70":0,"71":0,"72":0,"73":0,"74":8,"75":8,"76":8,"77":8,"78":8,"79":0,"80":8,"81":8,"82":8,"83":0,"84":0,"85":0,"86":0,"87":0,"88":1,"89":0,"90":1,"91":1,"92":1,"93":7,"94":1,"95":1,"96":0,"97":1,"98":1,"99":7,"100":1},"f":{"0":3,"1":27,"2":1,"3":25,"4":38,"5":1,"6":8,"7":8,"8":1,"9":1},"b":{"0":[0,3],"1":[3],"2":[0],"3":[0,0],"4":[0,0],"5":[15],"6":[0,15],"7":[1,26],"8":[27,1,27],"9":[0],"10":[25,25],"11":[0],"12":[15,23],"13":[0],"14":[1,0,0,0,0,0,0,0,0,0,0,0],"15":[0],"16":[8,8,8],"17":[8],"18":[0],"19":[0],"20":[8,8,8],"21":[8],"22":[0],"23":[0],"24":[0]}}
,"E:\\toolkit-use\\src\\decimal\\index.ts": {"path":"E:\\toolkit-use\\src\\decimal\\index.ts","statementMap":{"0":{"start":{"line":2,"column":13},"end":{"line":61,"column":null}},"1":{"start":{"line":11,"column":26},"end":{"line":11,"column":27}},"2":{"start":{"line":13,"column":14},"end":{"line":13,"column":26}},"3":{"start":{"line":15,"column":4},"end":{"line":33,"column":null}},"4":{"start":{"line":17,"column":18},"end":{"line":17,"column":43}},"5":{"start":{"line":19,"column":6},"end":{"line":31,"column":null}},"6":{"start":{"line":21,"column":24},"end":{"line":21,"column":46}},"7":{"start":{"line":24,"column":8},"end":{"line":27,"column":null}},"8":{"start":{"line":26,"column":10},"end":{"line":26,"column":null}},"9":{"start":{"line":28,"column":8},"end":{"line":28,"column":null}},"10":{"start":{"line":30,"column":8},"end":{"line":30,"column":null}},"11":{"start":{"line":32,"column":6},"end":{"line":32,"column":null}},"12":{"start":{"line":34,"column":4},"end":{"line":34,"column":null}},"13":{"start":{"line":44,"column":18},"end":{"line":44,"column":80}},"14":{"start":{"line":45,"column":4},"end":{"line":47,"column":null}},"15":{"start":{"line":46,"column":6},"end":{"line":46,"column":null}},"16":{"start":{"line":48,"column":4},"end":{"line":48,"column":null}},"17":{"start":{"line":57,"column":14},"end":{"line":57,"column":38}},"18":{"start":{"line":58,"column":16},"end":{"line":58,"column":33}},"19":{"start":{"line":59,"column":4},"end":{"line":59,"column":null}}},"fnMap":{"0":{"name":"(anonymous_0)","decl":{"start":{"line":9,"column":13},"end":{"line":9,"column":14}},"loc":{"start":{"line":9,"column":49},"end":{"line":35,"column":3}}},"1":{"name":"(anonymous_1)","decl":{"start":{"line":43,"column":11},"end":{"line":43,"column":12}},"loc":{"start":{"line":43,"column":53},"end":{"line":49,"column":3}}},"2":{"name":"(anonymous_2)","decl":{"start":{"line":56,"column":9},"end":{"line":56,"column":10}},"loc":{"start":{"line":56,"column":40},"end":{"line":60,"column":3}}}},"branchMap":{"0":{"loc":{"start":{"line":15,"column":4},"end":{"line":33,"column":null}},"type":"if","locations":[{"start":{"line":15,"column":4},"end":{"line":33,"column":null}}]},"1":{"loc":{"start":{"line":19,"column":6},"end":{"line":31,"column":null}},"type":"if","locations":[{"start":{"line":19,"column":6},"end":{"line":31,"column":null}},{"start":{"line":29,"column":13},"end":{"line":31,"column":null}}]},"2":{"loc":{"start":{"line":19,"column":10},"end":{"line":19,"column":45}},"type":"binary-expr","locations":[{"start":{"line":19,"column":10},"end":{"line":19,"column":24}},{"start":{"line":19,"column":28},"end":{"line":19,"column":45}}]},"3":{"loc":{"start":{"line":24,"column":8},"end":{"line":27,"column":null}},"type":"if","locations":[{"start":{"line":24,"column":8},"end":{"line":27,"column":null}}]},"4":{"loc":{"start":{"line":43,"column":38},"end":{"line":43,"column":49}},"type":"default-arg","locations":[{"start":{"line":43,"column":45},"end":{"line":43,"column":49}}]},"5":{"loc":{"start":{"line":45,"column":4},"end":{"line":47,"column":null}},"type":"if","locations":[{"start":{"line":45,"column":4},"end":{"line":47,"column":null}}]}},"s":{"0":5,"1":3,"2":3,"3":3,"4":3,"5":3,"6":3,"7":3,"8":0,"9":3,"10":0,"11":3,"12":3,"13":1,"14":1,"15":1,"16":1,"17":1,"18":1,"19":1},"f":{"0":3,"1":1,"2":1},"b":{"0":[3],"1":[3,0],"2":[3,3],"3":[0],"4":[0],"5":[1]}}
,"E:\\toolkit-use\\src\\dom\\index.ts": {"path":"E:\\toolkit-use\\src\\dom\\index.ts","statementMap":{"0":{"start":{"line":5,"column":17},"end":{"line":13,"column":1}},"1":{"start":{"line":6,"column":17},"end":{"line":6,"column":97}},"2":{"start":{"line":7,"column":12},"end":{"line":7,"column":14}},"3":{"start":{"line":8,"column":2},"end":{"line":10,"column":null}},"4":{"start":{"line":8,"column":15},"end":{"line":8,"column":16}},"5":{"start":{"line":9,"column":4},"end":{"line":9,"column":50}},"6":{"start":{"line":11,"column":2},"end":{"line":11,"column":18}},"7":{"start":{"line":12,"column":2},"end":{"line":12,"column":13}},"8":{"start":{"line":26,"column":19},"end":{"line":109,"column":null}},"9":{"start":{"line":28,"column":4},"end":{"line":34,"column":null}},"10":{"start":{"line":29,"column":6},"end":{"line":29,"column":53}},"11":{"start":{"line":30,"column":11},"end":{"line":34,"column":null}},"12":{"start":{"line":31,"column":6},"end":{"line":31,"column":48}},"13":{"start":{"line":33,"column":6},"end":{"line":33,"column":37}},"14":{"start":{"line":37,"column":4},"end":{"line":43,"column":null}},"15":{"start":{"line":38,"column":6},"end":{"line":38,"column":56}},"16":{"start":{"line":39,"column":11},"end":{"line":43,"column":null}},"17":{"start":{"line":40,"column":6},"end":{"line":40,"column":48}},"18":{"start":{"line":42,"column":6},"end":{"line":42,"column":34}},"19":{"start":{"line":46,"column":4},"end":{"line":46,"column":null}},"20":{"start":{"line":49,"column":4},"end":{"line":49,"column":null}},"21":{"start":{"line":52,"column":4},"end":{"line":56,"column":null}},"22":{"start":{"line":53,"column":6},"end":{"line":53,"column":null}},"23":{"start":{"line":55,"column":6},"end":{"line":55,"column":null}},"24":{"start":{"line":59,"column":4},"end":{"line":63,"column":null}},"25":{"start":{"line":60,"column":6},"end":{"line":60,"column":30}},"26":{"start":{"line":62,"column":6},"end":{"line":62,"column":32}},"27":{"start":{"line":66,"column":4},"end":{"line":74,"column":null}},"28":{"start":{"line":67,"column":6},"end":{"line":67,"column":33}},"29":{"start":{"line":68,"column":11},"end":{"line":74,"column":null}},"30":{"start":{"line":69,"column":6},"end":{"line":69,"column":29}},"31":{"start":{"line":70,"column":11},"end":{"line":74,"column":null}},"32":{"start":{"line":71,"column":6},"end":{"line":71,"column":31}},"33":{"start":{"line":73,"column":6},"end":{"line":73,"column":18}},"34":{"start":{"line":77,"column":4},"end":{"line":93,"column":null}},"35":{"start":{"line":78,"column":6},"end":{"line":78,"column":26}},"36":{"start":{"line":80,"column":6},"end":{"line":92,"column":null}},"37":{"start":{"line":86,"column":10},"end":{"line":86,"column":19}},"38":{"start":{"line":89,"column":10},"end":{"line":89,"column":19}},"39":{"start":{"line":91,"column":10},"end":{"line":91,"column":19}},"40":{"start":{"line":96,"column":4},"end":{"line":100,"column":null}},"41":{"start":{"line":97,"column":6},"end":{"line":97,"column":null}},"42":{"start":{"line":99,"column":6},"end":{"line":99,"column":null}},"43":{"start":{"line":103,"column":4},"end":{"line":107,"column":null}},"44":{"start":{"line":104,"column":6},"end":{"line":104,"column":28}},"45":{"start":{"line":106,"column":6},"end":{"line":106,"column":27}},"46":{"start":{"line":119,"column":15},"end":{"line":119,"column":40}},"47":{"start":{"line":121,"column":15},"end":{"line":121,"column":32}},"48":{"start":{"line":123,"column":15},"end":{"line":123,"column":32}},"49":{"start":{"line":124,"column":2},"end":{"line":131,"column":null}},"50":{"start":{"line":124,"column":15},"end":{"line":124,"column":16}},"51":{"start":{"line":125,"column":4},"end":{"line":130,"column":null}},"52":{"start":{"line":125,"column":17},"end":{"line":125,"column":18}},"53":{"start":{"line":126,"column":6},"end":{"line":129,"column":null}},"54":{"start":{"line":127,"column":8},"end":{"line":127,"column":null}},"55":{"start":{"line":128,"column":8},"end":{"line":128,"column":22}},"56":{"start":{"line":137,"column":19},"end":{"line":137,"column":45}},"57":{"start":{"line":139,"column":10},"end":{"line":139,"column":27}},"58":{"start":{"line":141,"column":2},"end":{"line":146,"column":null}},"59":{"start":{"line":142,"column":4},"end":{"line":145,"column":null}},"60":{"start":{"line":143,"column":6},"end":{"line":143,"column":14}},"61":{"start":{"line":144,"column":6},"end":{"line":144,"column":12}},"62":{"start":{"line":147,"column":2},"end":{"line":147,"column":26}},"63":{"start":{"line":148,"column":2},"end":{"line":148,"column":39}},"64":{"start":{"line":149,"column":2},"end":{"line":149,"column":null}},"65":{"start":{"line":153,"column":19},"end":{"line":153,"column":37}},"66":{"start":{"line":154,"column":16},"end":{"line":154,"column":36}},"67":{"start":{"line":155,"column":2},"end":{"line":158,"column":null}},"68":{"start":{"line":156,"column":4},"end":{"line":156,"column":37}},"69":{"start":{"line":157,"column":4},"end":{"line":157,"column":35}},"70":{"start":{"line":159,"column":2},"end":{"line":159,"column":20}},"71":{"start":{"line":163,"column":18},"end":{"line":163,"column":35}},"72":{"start":{"line":164,"column":16},"end":{"line":164,"column":36}},"73":{"start":{"line":165,"column":2},"end":{"line":168,"column":null}},"74":{"start":{"line":166,"column":4},"end":{"line":166,"column":35}},"75":{"start":{"line":167,"column":4},"end":{"line":167,"column":35}},"76":{"start":{"line":169,"column":2},"end":{"line":169,"column":19}},"77":{"start":{"line":176,"column":13},"end":{"line":179,"column":null}},"78":{"start":{"line":180,"column":2},"end":{"line":184,"column":null}},"79":{"start":{"line":181,"column":4},"end":{"line":181,"column":32}},"80":{"start":{"line":182,"column":4},"end":{"line":182,"column":30}},"81":{"start":{"line":183,"column":4},"end":{"line":183,"column":27}},"82":{"start":{"line":185,"column":2},"end":{"line":185,"column":null}},"83":{"start":{"line":189,"column":2},"end":{"line":199,"column":null}},"84":{"start":{"line":190,"column":4},"end":{"line":193,"column":6}},"85":{"start":{"line":195,"column":4},"end":{"line":198,"column":6}},"86":{"start":{"line":210,"column":14},"end":{"line":210,"column":25}},"87":{"start":{"line":211,"column":13},"end":{"line":211,"column":38}},"88":{"start":{"line":212,"column":2},"end":{"line":218,"column":null}},"89":{"start":{"line":212,"column":15},"end":{"line":212,"column":16}},"90":{"start":{"line":213,"column":4},"end":{"line":217,"column":null}},"91":{"start":{"line":214,"column":6},"end":{"line":214,"column":48}},"92":{"start":{"line":215,"column":6},"end":{"line":215,"column":50}},"93":{"start":{"line":216,"column":6},"end":{"line":216,"column":55}},"94":{"start":{"line":219,"column":2},"end":{"line":219,"column":27}},"95":{"start":{"line":223,"column":13},"end":{"line":242,"column":null}}},"fnMap":{"0":{"name":"(anonymous_0)","decl":{"start":{"line":5,"column":17},"end":{"line":5,"column":20}},"loc":{"start":{"line":5,"column":22},"end":{"line":13,"column":1}}},"1":{"name":"(anonymous_1)","decl":{"start":{"line":27,"column":14},"end":{"line":27,"column":15}},"loc":{"start":{"line":27,"column":56},"end":{"line":35,"column":3}}},"2":{"name":"(anonymous_2)","decl":{"start":{"line":36,"column":17},"end":{"line":36,"column":18}},"loc":{"start":{"line":36,"column":44},"end":{"line":44,"column":3}}},"3":{"name":"(anonymous_3)","decl":{"start":{"line":45,"column":12},"end":{"line":45,"column":13}},"loc":{"start":{"line":45,"column":22},"end":{"line":47,"column":3}}},"4":{"name":"(anonymous_4)","decl":{"start":{"line":48,"column":13},"end":{"line":48,"column":14}},"loc":{"start":{"line":48,"column":23},"end":{"line":50,"column":3}}},"5":{"name":"(anonymous_5)","decl":{"start":{"line":51,"column":18},"end":{"line":51,"column":19}},"loc":{"start":{"line":51,"column":28},"end":{"line":57,"column":3}}},"6":{"name":"(anonymous_6)","decl":{"start":{"line":58,"column":19},"end":{"line":58,"column":20}},"loc":{"start":{"line":58,"column":29},"end":{"line":64,"column":3}}},"7":{"name":"(anonymous_7)","decl":{"start":{"line":65,"column":20},"end":{"line":65,"column":21}},"loc":{"start":{"line":65,"column":30},"end":{"line":75,"column":3}}},"8":{"name":"(anonymous_8)","decl":{"start":{"line":76,"column":13},"end":{"line":76,"column":23}},"loc":{"start":{"line":76,"column":28},"end":{"line":94,"column":3}}},"9":{"name":"(anonymous_9)","decl":{"start":{"line":95,"column":17},"end":{"line":95,"column":27}},"loc":{"start":{"line":95,"column":32},"end":{"line":101,"column":3}}},"10":{"name":"(anonymous_10)","decl":{"start":{"line":102,"column":15},"end":{"line":102,"column":25}},"loc":{"start":{"line":102,"column":30},"end":{"line":108,"column":3}}},"11":{"name":"addClass","decl":{"start":{"line":117,"column":9},"end":{"line":117,"column":17}},"loc":{"start":{"line":117,"column":30},"end":{"line":132,"column":1}}},"12":{"name":"removeClass","decl":{"start":{"line":135,"column":9},"end":{"line":135,"column":20}},"loc":{"start":{"line":135,"column":31},"end":{"line":150,"column":1}}},"13":{"name":"getElementLeft","decl":{"start":{"line":152,"column":9},"end":{"line":152,"column":23}},"loc":{"start":{"line":152,"column":31},"end":{"line":160,"column":1}}},"14":{"name":"getElementTop","decl":{"start":{"line":162,"column":9},"end":{"line":162,"column":22}},"loc":{"start":{"line":162,"column":30},"end":{"line":170,"column":1}}},"15":{"name":"getOffset","decl":{"start":{"line":175,"column":9},"end":{"line":175,"column":18}},"loc":{"start":{"line":175,"column":22},"end":{"line":186,"column":1}}},"16":{"name":"getViewport","decl":{"start":{"line":188,"column":9},"end":{"line":188,"column":20}},"loc":{"start":{"line":188,"column":20},"end":{"line":200,"column":1}}},"17":{"name":"outputAttributes","decl":{"start":{"line":207,"column":9},"end":{"line":207,"column":25}},"loc":{"start":{"line":207,"column":33},"end":{"line":220,"column":1}}}},"branchMap":{"0":{"loc":{"start":{"line":28,"column":4},"end":{"line":34,"column":null}},"type":"if","locations":[{"start":{"line":28,"column":4},"end":{"line":34,"column":null}},{"start":{"line":30,"column":11},"end":{"line":34,"column":null}}]},"1":{"loc":{"start":{"line":30,"column":11},"end":{"line":34,"column":null}},"type":"if","locations":[{"start":{"line":30,"column":11},"end":{"line":34,"column":null}},{"start":{"line":32,"column":11},"end":{"line":34,"column":null}}]},"2":{"loc":{"start":{"line":37,"column":4},"end":{"line":43,"column":null}},"type":"if","locations":[{"start":{"line":37,"column":4},"end":{"line":43,"column":null}},{"start":{"line":39,"column":11},"end":{"line":43,"column":null}}]},"3":{"loc":{"start":{"line":39,"column":11},"end":{"line":43,"column":null}},"type":"if","locations":[{"start":{"line":39,"column":11},"end":{"line":43,"column":null}},{"start":{"line":41,"column":11},"end":{"line":43,"column":null}}]},"4":{"loc":{"start":{"line":46,"column":11},"end":{"line":46,"column":39}},"type":"cond-expr","locations":[{"start":{"line":46,"column":19},"end":{"line":46,"column":24}},{"start":{"line":46,"column":27},"end":{"line":46,"column":39}}]},"5":{"loc":{"start":{"line":49,"column":11},"end":{"line":49,"column":43}},"type":"binary-expr","locations":[{"start":{"line":49,"column":11},"end":{"line":49,"column":23}},{"start":{"line":49,"column":27},"end":{"line":49,"column":43}}]},"6":{"loc":{"start":{"line":52,"column":4},"end":{"line":56,"column":null}},"type":"if","locations":[{"start":{"line":52,"column":4},"end":{"line":56,"column":null}},{"start":{"line":54,"column":11},"end":{"line":56,"column":null}}]},"7":{"loc":{"start":{"line":59,"column":4},"end":{"line":63,"column":null}},"type":"if","locations":[{"start":{"line":59,"column":4},"end":{"line":63,"column":null}},{"start":{"line":61,"column":11},"end":{"line":63,"column":null}}]},"8":{"loc":{"start":{"line":66,"column":4},"end":{"line":74,"column":null}},"type":"if","locations":[{"start":{"line":66,"column":4},"end":{"line":74,"column":null}},{"start":{"line":68,"column":11},"end":{"line":74,"column":null}}]},"9":{"loc":{"start":{"line":68,"column":11},"end":{"line":74,"column":null}},"type":"if","locations":[{"start":{"line":68,"column":11},"end":{"line":74,"column":null}},{"start":{"line":70,"column":11},"end":{"line":74,"column":null}}]},"10":{"loc":{"start":{"line":70,"column":11},"end":{"line":74,"column":null}},"type":"if","locations":[{"start":{"line":70,"column":11},"end":{"line":74,"column":null}},{"start":{"line":72,"column":11},"end":{"line":74,"column":null}}]},"11":{"loc":{"start":{"line":77,"column":4},"end":{"line":93,"column":null}},"type":"if","locations":[{"start":{"line":77,"column":4},"end":{"line":93,"column":null}},{"start":{"line":79,"column":11},"end":{"line":93,"column":null}}]},"12":{"loc":{"start":{"line":80,"column":6},"end":{"line":92,"column":null}},"type":"switch","locations":[{"start":{"line":81,"column":8},"end":{"line":81,"column":15}},{"start":{"line":82,"column":8},"end":{"line":82,"column":15}},{"start":{"line":83,"column":8},"end":{"line":83,"column":15}},{"start":{"line":84,"column":8},"end":{"line":84,"column":15}},{"start":{"line":85,"column":8},"end":{"line":86,"column":19}},{"start":{"line":87,"column":8},"end":{"line":87,"column":15}},{"start":{"line":88,"column":8},"end":{"line":89,"column":19}},{"start":{"line":90,"column":8},"end":{"line":91,"column":19}}]},"13":{"loc":{"start":{"line":96,"column":4},"end":{"line":100,"column":null}},"type":"if","locations":[{"start":{"line":96,"column":4},"end":{"line":100,"column":null}},{"start":{"line":98,"column":11},"end":{"line":100,"column":null}}]},"14":{"loc":{"start":{"line":103,"column":4},"end":{"line":107,"column":null}},"type":"if","locations":[{"start":{"line":103,"column":4},"end":{"line":107,"column":null}},{"start":{"line":105,"column":11},"end":{"line":107,"column":null}}]},"15":{"loc":{"start":{"line":126,"column":6},"end":{"line":129,"column":null}},"type":"if","locations":[{"start":{"line":126,"column":6},"end":{"line":129,"column":null}}]},"16":{"loc":{"start":{"line":142,"column":4},"end":{"line":145,"column":null}},"type":"if","locations":[{"start":{"line":142,"column":4},"end":{"line":145,"column":null}}]},"17":{"loc":{"start":{"line":189,"column":2},"end":{"line":199,"column":null}},"type":"if","locations":[{"start":{"line":189,"column":2},"end":{"line":199,"column":null}},{"start":{"line":194,"column":9},"end":{"line":199,"column":null}}]},"18":{"loc":{"start":{"line":213,"column":4},"end":{"line":217,"column":null}},"type":"if","locations":[{"start":{"line":213,"column":4},"end":{"line":217,"column":null}}]}},"s":{"0":5,"1":0,"2":0,"3":0,"4":0,"5":0,"6":0,"7":0,"8":5,"9":0,"10":0,"11":0,"12":0,"13":0,"14":0,"15":0,"16":0,"17":0,"18":0,"19":0,"20":0,"21":0,"22":0,"23":0,"24":0,"25":0,"26":0,"27":0,"28":0,"29":0,"30":0,"31":0,"32":0,"33":0,"34":0,"35":0,"36":0,"37":0,"38":0,"39":0,"40":0,"41":0,"42":0,"43":0,"44":0,"45":0,"46":0,"47":0,"48":0,"49":0,"50":0,"51":0,"52":0,"53":0,"54":0,"55":0,"56":0,"57":0,"58":0,"59":0,"60":0,"61":0,"62":0,"63":0,"64":0,"65":0,"66":0,"67":0,"68":0,"69":0,"70":0,"71":0,"72":0,"73":0,"74":0,"75":0,"76":0,"77":0,"78":0,"79":0,"80":0,"81":0,"82":0,"83":0,"84":0,"85":0,"86":0,"87":0,"88":0,"89":0,"90":0,"91":0,"92":0,"93":0,"94":0,"95":5},"f":{"0":0,"1":0,"2":0,"3":0,"4":0,"5":0,"6":0,"7":0,"8":0,"9":0,"10":0,"11":0,"12":0,"13":0,"14":0,"15":0,"16":0,"17":0},"b":{"0":[0,0],"1":[0,0],"2":[0,0],"3":[0,0],"4":[0,0],"5":[0,0],"6":[0,0],"7":[0,0],"8":[0,0],"9":[0,0],"10":[0,0],"11":[0,0],"12":[0,0,0,0,0,0,0,0],"13":[0,0],"14":[0,0],"15":[0],"16":[0],"17":[0,0],"18":[0]}}
,"E:\\toolkit-use\\src\\download\\index.ts": {"path":"E:\\toolkit-use\\src\\download\\index.ts","statementMap":{"0":{"start":{"line":2,"column":13},"end":{"line":54,"column":null}},"1":{"start":{"line":8,"column":14},"end":{"line":8,"column":41}},"2":{"start":{"line":9,"column":4},"end":{"line":9,"column":null}},"3":{"start":{"line":10,"column":4},"end":{"line":10,"column":null}},"4":{"start":{"line":11,"column":4},"end":{"line":11,"column":null}},"5":{"start":{"line":12,"column":4},"end":{"line":12,"column":null}},"6":{"start":{"line":13,"column":4},"end":{"line":13,"column":null}},"7":{"start":{"line":14,"column":4},"end":{"line":14,"column":null}},"8":{"start":{"line":24,"column":15},"end":{"line":24,"column":17}},"9":{"start":{"line":25,"column":4},"end":{"line":28,"column":null}},"10":{"start":{"line":26,"column":6},"end":{"line":26,"column":null}},"11":{"start":{"line":27,"column":6},"end":{"line":27,"column":null}},"12":{"start":{"line":29,"column":4},"end":{"line":32,"column":null}},"13":{"start":{"line":30,"column":6},"end":{"line":30,"column":null}},"14":{"start":{"line":31,"column":6},"end":{"line":31,"column":null}},"15":{"start":{"line":33,"column":17},"end":{"line":33,"column":49}},"16":{"start":{"line":35,"column":4},"end":{"line":52,"column":null}},"17":{"start":{"line":37,"column":20},"end":{"line":37,"column":47}},"18":{"start":{"line":38,"column":6},"end":{"line":38,"column":null}},"19":{"start":{"line":39,"column":6},"end":{"line":39,"column":null}},"20":{"start":{"line":40,"column":6},"end":{"line":40,"column":null}},"21":{"start":{"line":41,"column":6},"end":{"line":41,"column":null}},"22":{"start":{"line":42,"column":6},"end":{"line":42,"column":null}},"23":{"start":{"line":43,"column":6},"end":{"line":43,"column":null}},"24":{"start":{"line":44,"column":6},"end":{"line":44,"column":null}},"25":{"start":{"line":46,"column":6},"end":{"line":51,"column":null}},"26":{"start":{"line":48,"column":11},"end":{"line":48,"column":null}},"27":{"start":{"line":50,"column":8},"end":{"line":50,"column":null}}},"fnMap":{"0":{"name":"(anonymous_0)","decl":{"start":{"line":7,"column":20},"end":{"line":7,"column":21}},"loc":{"start":{"line":7,"column":50},"end":{"line":15,"column":3}}},"1":{"name":"(anonymous_1)","decl":{"start":{"line":22,"column":32},"end":{"line":22,"column":33}},"loc":{"start":{"line":22,"column":97},"end":{"line":53,"column":3}}}},"branchMap":{"0":{"loc":{"start":{"line":25,"column":4},"end":{"line":28,"column":null}},"type":"if","locations":[{"start":{"line":25,"column":4},"end":{"line":28,"column":null}}]},"1":{"loc":{"start":{"line":26,"column":13},"end":{"line":26,"column":61}},"type":"cond-expr","locations":[{"start":{"line":26,"column":21},"end":{"line":26,"column":26}},{"start":{"line":26,"column":29},"end":{"line":26,"column":61}}]},"2":{"loc":{"start":{"line":29,"column":4},"end":{"line":32,"column":null}},"type":"if","locations":[{"start":{"line":29,"column":4},"end":{"line":32,"column":null}}]},"3":{"loc":{"start":{"line":30,"column":13},"end":{"line":30,"column":69}},"type":"cond-expr","locations":[{"start":{"line":30,"column":21},"end":{"line":30,"column":26}},{"start":{"line":30,"column":29},"end":{"line":30,"column":69}}]},"4":{"loc":{"start":{"line":35,"column":4},"end":{"line":52,"column":null}},"type":"if","locations":[{"start":{"line":35,"column":4},"end":{"line":52,"column":null}},{"start":{"line":45,"column":11},"end":{"line":52,"column":null}}]}},"s":{"0":5,"1":0,"2":0,"3":0,"4":0,"5":0,"6":0,"7":0,"8":0,"9":0,"10":0,"11":0,"12":0,"13":0,"14":0,"15":0,"16":0,"17":0,"18":0,"19":0,"20":0,"21":0,"22":0,"23":0,"24":0,"25":0,"26":0,"27":0},"f":{"0":0,"1":0},"b":{"0":[0],"1":[0,0],"2":[0],"3":[0,0],"4":[0,0]}}
,"E:\\toolkit-use\\src\\regex\\index.ts": {"path":"E:\\toolkit-use\\src\\regex\\index.ts","statementMap":{"0":{"start":{"line":1,"column":29},"end":{"line":1,"column":60}},"1":{"start":{"line":3,"column":27},"end":{"line":3,"column":81}},"2":{"start":{"line":5,"column":30},"end":{"line":5,"column":79}},"3":{"start":{"line":7,"column":31},"end":{"line":7,"column":125}},"4":{"start":{"line":12,"column":17},"end":{"line":12,"column":34}},"5":{"start":{"line":15,"column":33},"end":{"line":15,"column":98}},"6":{"start":{"line":22,"column":17},"end":{"line":22,"column":75}},"7":{"start":{"line":24,"column":18},"end":{"line":24,"column":90}},"8":{"start":{"line":26,"column":15},"end":{"line":26,"column":90}},"9":{"start":{"line":28,"column":16},"end":{"line":28,"column":109}},"10":{"start":{"line":30,"column":17},"end":{"line":30,"column":54}},"11":{"start":{"line":32,"column":16},"end":{"line":32,"column":226}},"12":{"start":{"line":34,"column":14},"end":{"line":34,"column":34}},"13":{"start":{"line":36,"column":14},"end":{"line":36,"column":48}},"14":{"start":{"line":38,"column":15},"end":{"line":38,"column":95}},"15":{"start":{"line":40,"column":17},"end":{"line":40,"column":40}},"16":{"start":{"line":43,"column":20},"end":{"line":43,"column":32}},"17":{"start":{"line":45,"column":19},"end":{"line":45,"column":27}},"18":{"start":{"line":47,"column":13},"end":{"line":66,"column":null}}},"fnMap":{},"branchMap":{},"s":{"0":5,"1":5,"2":5,"3":5,"4":5,"5":5,"6":5,"7":5,"8":5,"9":5,"10":5,"11":5,"12":5,"13":5,"14":5,"15":5,"16":5,"17":5,"18":5},"f":{},"b":{}}
,"E:\\toolkit-use\\src\\shared\\index.ts": {"path":"E:\\toolkit-use\\src\\shared\\index.ts","statementMap":{"0":{"start":{"line":1,"column":0},"end":{"line":1,"column":48}},"1":{"start":{"line":7,"column":16},"end":{"line":9,"column":1}},"2":{"start":{"line":8,"column":2},"end":{"line":8,"column":null}},"3":{"start":{"line":17,"column":14},"end":{"line":19,"column":1}},"4":{"start":{"line":18,"column":2},"end":{"line":18,"column":null}},"5":{"start":{"line":26,"column":15},"end":{"line":28,"column":1}},"6":{"start":{"line":27,"column":2},"end":{"line":27,"column":null}},"7":{"start":{"line":35,"column":16},"end":{"line":37,"column":1}},"8":{"start":{"line":36,"column":2},"end":{"line":36,"column":null}},"9":{"start":{"line":44,"column":20},"end":{"line":51,"column":1}},"10":{"start":{"line":45,"column":2},"end":{"line":50,"column":null}},"11":{"start":{"line":58,"column":17},"end":{"line":60,"column":1}},"12":{"start":{"line":59,"column":2},"end":{"line":59,"column":50}},"13":{"start":{"line":67,"column":18},"end":{"line":73,"column":1}},"14":{"start":{"line":68,"column":2},"end":{"line":72,"column":null}},"15":{"start":{"line":75,"column":18},"end":{"line":75,"column":43}},"16":{"start":{"line":82,"column":18},"end":{"line":84,"column":1}},"17":{"start":{"line":83,"column":2},"end":{"line":83,"column":null}},"18":{"start":{"line":86,"column":23},"end":{"line":86,"column":54}},"19":{"start":{"line":94,"column":15},"end":{"line":96,"column":1}},"20":{"start":{"line":95,"column":2},"end":{"line":95,"column":null}},"21":{"start":{"line":104,"column":17},"end":{"line":107,"column":1}},"22":{"start":{"line":105,"column":12},"end":{"line":105,"column":27}},"23":{"start":{"line":106,"column":2},"end":{"line":106,"column":null}},"24":{"start":{"line":115,"column":2},"end":{"line":115,"column":null}},"25":{"start":{"line":115,"column":47},"end":{"line":115,"column":null}},"26":{"start":{"line":117,"column":14},"end":{"line":117,"column":40}},"27":{"start":{"line":119,"column":2},"end":{"line":119,"column":null}},"28":{"start":{"line":119,"column":22},"end":{"line":119,"column":null}},"29":{"start":{"line":120,"column":18},"end":{"line":120,"column":23}},"30":{"start":{"line":121,"column":2},"end":{"line":123,"column":null}},"31":{"start":{"line":122,"column":4},"end":{"line":122,"column":null}},"32":{"start":{"line":125,"column":2},"end":{"line":125,"column":null}},"33":{"start":{"line":135,"column":17},"end":{"line":141,"column":1}},"34":{"start":{"line":136,"column":2},"end":{"line":140,"column":null}},"35":{"start":{"line":150,"column":2},"end":{"line":150,"column":21}},"36":{"start":{"line":151,"column":10},"end":{"line":151,"column":29}},"37":{"start":{"line":152,"column":12},"end":{"line":152,"column":24}},"38":{"start":{"line":153,"column":2},"end":{"line":155,"column":null}},"39":{"start":{"line":154,"column":4},"end":{"line":154,"column":29}},"40":{"start":{"line":156,"column":2},"end":{"line":156,"column":null}},"41":{"start":{"line":162,"column":2},"end":{"line":164,"column":null}},"42":{"start":{"line":163,"column":4},"end":{"line":163,"column":25}},"43":{"start":{"line":165,"column":2},"end":{"line":165,"column":null}},"44":{"start":{"line":174,"column":12},"end":{"line":174,"column":14}},"45":{"start":{"line":175,"column":2},"end":{"line":179,"column":null}},"46":{"start":{"line":175,"column":15},"end":{"line":175,"column":16}},"47":{"start":{"line":176,"column":4},"end":{"line":178,"column":null}},"48":{"start":{"line":177,"column":6},"end":{"line":177,"column":26}},"49":{"start":{"line":180,"column":2},"end":{"line":180,"column":null}},"50":{"start":{"line":189,"column":14},"end":{"line":189,"column":33}},"51":{"start":{"line":190,"column":2},"end":{"line":193,"column":null}},"52":{"start":{"line":191,"column":14},"end":{"line":191,"column":24}},"53":{"start":{"line":192,"column":4},"end":{"line":192,"column":null}},"54":{"start":{"line":203,"column":19},"end":{"line":205,"column":2}},"55":{"start":{"line":204,"column":2},"end":{"line":204,"column":null}},"56":{"start":{"line":213,"column":18},"end":{"line":215,"column":2}},"57":{"start":{"line":214,"column":2},"end":{"line":214,"column":null}},"58":{"start":{"line":225,"column":17},"end":{"line":227,"column":2}},"59":{"start":{"line":226,"column":2},"end":{"line":226,"column":null}},"60":{"start":{"line":226,"column":77},"end":{"line":226,"column":109}},"61":{"start":{"line":239,"column":12},"end":{"line":239,"column":31}},"62":{"start":{"line":240,"column":13},"end":{"line":240,"column":27}},"63":{"start":{"line":241,"column":2},"end":{"line":243,"column":null}},"64":{"start":{"line":241,"column":15},"end":{"line":241,"column":16}},"65":{"start":{"line":242,"column":4},"end":{"line":242,"column":24}},"66":{"start":{"line":244,"column":2},"end":{"line":246,"column":null}},"67":{"start":{"line":245,"column":28},"end":{"line":245,"column":58}},"68":{"start":{"line":246,"column":28},"end":{"line":246,"column":44}},"69":{"start":{"line":256,"column":19},"end":{"line":295,"column":1}},"70":{"start":{"line":258,"column":2},"end":{"line":258,"column":null}},"71":{"start":{"line":258,"column":17},"end":{"line":258,"column":30}},"72":{"start":{"line":259,"column":18},"end":{"line":259,"column":29}},"73":{"start":{"line":260,"column":18},"end":{"line":260,"column":29}},"74":{"start":{"line":262,"column":2},"end":{"line":294,"column":null}},"75":{"start":{"line":263,"column":4},"end":{"line":288,"column":null}},"76":{"start":{"line":264,"column":21},"end":{"line":264,"column":37}},"77":{"start":{"line":265,"column":21},"end":{"line":265,"column":37}},"78":{"start":{"line":266,"column":6},"end":{"line":284,"column":null}},"79":{"start":{"line":268,"column":8},"end":{"line":270,"column":null}},"80":{"start":{"line":269,"column":10},"end":{"line":269,"column":null}},"81":{"start":{"line":271,"column":13},"end":{"line":284,"column":null}},"82":{"start":{"line":273,"column":8},"end":{"line":273,"column":null}},"83":{"start":{"line":274,"column":13},"end":{"line":284,"column":null}},"84":{"start":{"line":276,"column":20},"end":{"line":276,"column":34}},"85":{"start":{"line":277,"column":20},"end":{"line":277,"column":34}},"86":{"start":{"line":278,"column":8},"end":{"line":280,"column":null}},"87":{"start":{"line":279,"column":10},"end":{"line":279,"column":null}},"88":{"start":{"line":289,"column":9},"end":{"line":294,"column":null}},"89":{"start":{"line":291,"column":4},"end":{"line":291,"column":null}},"90":{"start":{"line":293,"column":4},"end":{"line":293,"column":null}},"91":{"start":{"line":304,"column":2},"end":{"line":309,"column":null}},"92":{"start":{"line":305,"column":16},"end":{"line":305,"column":33}},"93":{"start":{"line":306,"column":4},"end":{"line":308,"column":null}},"94":{"start":{"line":307,"column":6},"end":{"line":307,"column":null}},"95":{"start":{"line":320,"column":2},"end":{"line":321,"column":17}},"96":{"start":{"line":321,"column":4},"end":{"line":321,"column":17}},"97":{"start":{"line":322,"column":14},"end":{"line":322,"column":18}},"98":{"start":{"line":324,"column":2},"end":{"line":326,"column":null}},"99":{"start":{"line":324,"column":15},"end":{"line":324,"column":16}},"100":{"start":{"line":325,"column":4},"end":{"line":325,"column":35}},"101":{"start":{"line":327,"column":2},"end":{"line":327,"column":15}},"102":{"start":{"line":337,"column":12},"end":{"line":343,"column":1}},"103":{"start":{"line":338,"column":2},"end":{"line":342,"column":5}},"104":{"start":{"line":349,"column":23},"end":{"line":349,"column":48}},"105":{"start":{"line":355,"column":21},"end":{"line":355,"column":63}},"106":{"start":{"line":355,"column":37},"end":{"line":355,"column":63}},"107":{"start":{"line":360,"column":16},"end":{"line":360,"column":29}},"108":{"start":{"line":366,"column":14},"end":{"line":366,"column":64}},"109":{"start":{"line":366,"column":28},"end":{"line":366,"column":64}},"110":{"start":{"line":372,"column":14},"end":{"line":372,"column":64}},"111":{"start":{"line":372,"column":28},"end":{"line":372,"column":64}},"112":{"start":{"line":378,"column":15},"end":{"line":378,"column":48}},"113":{"start":{"line":378,"column":29},"end":{"line":378,"column":48}},"114":{"start":{"line":384,"column":19},"end":{"line":384,"column":58}},"115":{"start":{"line":384,"column":33},"end":{"line":384,"column":58}},"116":{"start":{"line":390,"column":17},"end":{"line":390,"column":54}},"117":{"start":{"line":390,"column":31},"end":{"line":390,"column":54}},"118":{"start":{"line":396,"column":17},"end":{"line":396,"column":54}},"119":{"start":{"line":396,"column":31},"end":{"line":396,"column":54}},"120":{"start":{"line":406,"column":21},"end":{"line":406,"column":117}},"121":{"start":{"line":406,"column":35},"end":{"line":406,"column":117}},"122":{"start":{"line":414,"column":23},"end":{"line":418,"column":1}},"123":{"start":{"line":415,"column":2},"end":{"line":417,"column":null}},"124":{"start":{"line":415,"column":15},"end":{"line":415,"column":16}},"125":{"start":{"line":416,"column":4},"end":{"line":416,"column":16}},"126":{"start":{"line":426,"column":19},"end":{"line":426,"column":77}},"127":{"start":{"line":426,"column":50},"end":{"line":426,"column":77}},"128":{"start":{"line":428,"column":13},"end":{"line":465,"column":null}}},"fnMap":{"0":{"name":"(anonymous_0)","decl":{"start":{"line":7,"column":16},"end":{"line":7,"column":17}},"loc":{"start":{"line":7,"column":27},"end":{"line":9,"column":1}}},"1":{"name":"(anonymous_1)","decl":{"start":{"line":17,"column":14},"end":{"line":17,"column":15}},"loc":{"start":{"line":17,"column":25},"end":{"line":19,"column":1}}},"2":{"name":"(anonymous_2)","decl":{"start":{"line":26,"column":15},"end":{"line":26,"column":16}},"loc":{"start":{"line":26,"column":26},"end":{"line":28,"column":1}}},"3":{"name":"(anonymous_3)","decl":{"start":{"line":35,"column":16},"end":{"line":35,"column":17}},"loc":{"start":{"line":35,"column":27},"end":{"line":37,"column":1}}},"4":{"name":"(anonymous_4)","decl":{"start":{"line":44,"column":20},"end":{"line":44,"column":21}},"loc":{"start":{"line":44,"column":31},"end":{"line":51,"column":1}}},"5":{"name":"(anonymous_5)","decl":{"start":{"line":58,"column":17},"end":{"line":58,"column":18}},"loc":{"start":{"line":58,"column":30},"end":{"line":60,"column":1}}},"6":{"name":"(anonymous_6)","decl":{"start":{"line":67,"column":18},"end":{"line":67,"column":19}},"loc":{"start":{"line":67,"column":31},"end":{"line":73,"column":1}}},"7":{"name":"(anonymous_7)","decl":{"start":{"line":82,"column":18},"end":{"line":82,"column":19}},"loc":{"start":{"line":82,"column":31},"end":{"line":84,"column":1}}},"8":{"name":"(anonymous_8)","decl":{"start":{"line":94,"column":15},"end":{"line":94,"column":16}},"loc":{"start":{"line":94,"column":38},"end":{"line":96,"column":1}}},"9":{"name":"(anonymous_9)","decl":{"start":{"line":104,"column":17},"end":{"line":104,"column":18}},"loc":{"start":{"line":104,"column":30},"end":{"line":107,"column":1}}},"10":{"name":"isPlainObject","decl":{"start":{"line":114,"column":9},"end":{"line":114,"column":22}},"loc":{"start":{"line":114,"column":31},"end":{"line":126,"column":1}}},"11":{"name":"(anonymous_11)","decl":{"start":{"line":135,"column":17},"end":{"line":135,"column":18}},"loc":{"start":{"line":135,"column":30},"end":{"line":141,"column":1}}},"12":{"name":"toArray","decl":{"start":{"line":149,"column":9},"end":{"line":149,"column":16}},"loc":{"start":{"line":149,"column":38},"end":{"line":157,"column":1}}},"13":{"name":"extend","decl":{"start":{"line":161,"column":9},"end":{"line":161,"column":15}},"loc":{"start":{"line":161,"column":35},"end":{"line":166,"column":1}}},"14":{"name":"toObject","decl":{"start":{"line":173,"column":9},"end":{"line":173,"column":17}},"loc":{"start":{"line":173,"column":26},"end":{"line":181,"column":1}}},"15":{"name":"cached","decl":{"start":{"line":188,"column":9},"end":{"line":188,"column":15}},"loc":{"start":{"line":188,"column":23},"end":{"line":194,"column":1}}},"16":{"name":"cachedFn","decl":{"start":{"line":190,"column":19},"end":{"line":190,"column":27}},"loc":{"start":{"line":190,"column":36},"end":{"line":193,"column":3}}},"17":{"name":"(anonymous_17)","decl":{"start":{"line":203,"column":26},"end":{"line":203,"column":36}},"loc":{"start":{"line":203,"column":44},"end":{"line":205,"column":1}}},"18":{"name":"(anonymous_18)","decl":{"start":{"line":213,"column":25},"end":{"line":213,"column":35}},"loc":{"start":{"line":213,"column":43},"end":{"line":215,"column":1}}},"19":{"name":"(anonymous_19)","decl":{"start":{"line":225,"column":24},"end":{"line":225,"column":34}},"loc":{"start":{"line":225,"column":42},"end":{"line":227,"column":1}}},"20":{"name":"(anonymous_20)","decl":{"start":{"line":226,"column":49},"end":{"line":226,"column":59}},"loc":{"start":{"line":226,"column":73},"end":{"line":226,"column":111}}},"21":{"name":"makeMap","decl":{"start":{"line":235,"column":9},"end":{"line":235,"column":16}},"loc":{"start":{"line":237,"column":23},"end":{"line":247,"column":1}}},"22":{"name":"(anonymous_22)","decl":{"start":{"line":245,"column":6},"end":{"line":245,"column":16}},"loc":{"start":{"line":245,"column":24},"end":{"line":245,"column":60}}},"23":{"name":"(anonymous_23)","decl":{"start":{"line":246,"column":6},"end":{"line":246,"column":16}},"loc":{"start":{"line":246,"column":24},"end":{"line":246,"column":46}}},"24":{"name":"(anonymous_24)","decl":{"start":{"line":256,"column":19},"end":{"line":256,"column":20}},"loc":{"start":{"line":256,"column":38},"end":{"line":295,"column":1}}},"25":{"name":"(anonymous_25)","decl":{"start":{"line":268,"column":48},"end":{"line":268,"column":58}},"loc":{"start":{"line":268,"column":72},"end":{"line":270,"column":9}}},"26":{"name":"(anonymous_26)","decl":{"start":{"line":278,"column":60},"end":{"line":278,"column":70}},"loc":{"start":{"line":278,"column":73},"end":{"line":280,"column":9}}},"27":{"name":"remove","decl":{"start":{"line":303,"column":9},"end":{"line":303,"column":15}},"loc":{"start":{"line":303,"column":35},"end":{"line":310,"column":1}}},"28":{"name":"looseCompareArrays","decl":{"start":{"line":318,"column":9},"end":{"line":318,"column":27}},"loc":{"start":{"line":318,"column":42},"end":{"line":328,"column":1}}},"29":{"name":"(anonymous_29)","decl":{"start":{"line":337,"column":12},"end":{"line":337,"column":13}},"loc":{"start":{"line":337,"column":47},"end":{"line":343,"column":1}}},"30":{"name":"(anonymous_30)","decl":{"start":{"line":355,"column":21},"end":{"line":355,"column":22}},"loc":{"start":{"line":355,"column":37},"end":{"line":355,"column":63}}},"31":{"name":"(anonymous_31)","decl":{"start":{"line":366,"column":14},"end":{"line":366,"column":15}},"loc":{"start":{"line":366,"column":28},"end":{"line":366,"column":64}}},"32":{"name":"(anonymous_32)","decl":{"start":{"line":372,"column":14},"end":{"line":372,"column":15}},"loc":{"start":{"line":372,"column":28},"end":{"line":372,"column":64}}},"33":{"name":"(anonymous_33)","decl":{"start":{"line":378,"column":15},"end":{"line":378,"column":16}},"loc":{"start":{"line":378,"column":29},"end":{"line":378,"column":48}}},"34":{"name":"(anonymous_34)","decl":{"start":{"line":384,"column":19},"end":{"line":384,"column":20}},"loc":{"start":{"line":384,"column":33},"end":{"line":384,"column":58}}},"35":{"name":"(anonymous_35)","decl":{"start":{"line":390,"column":17},"end":{"line":390,"column":18}},"loc":{"start":{"line":390,"column":31},"end":{"line":390,"column":54}}},"36":{"name":"(anonymous_36)","decl":{"start":{"line":396,"column":17},"end":{"line":396,"column":18}},"loc":{"start":{"line":396,"column":31},"end":{"line":396,"column":54}}},"37":{"name":"(anonymous_37)","decl":{"start":{"line":406,"column":21},"end":{"line":406,"column":22}},"loc":{"start":{"line":406,"column":35},"end":{"line":406,"column":117}}},"38":{"name":"(anonymous_38)","decl":{"start":{"line":414,"column":23},"end":{"line":414,"column":24}},"loc":{"start":{"line":414,"column":46},"end":{"line":418,"column":1}}},"39":{"name":"(anonymous_39)","decl":{"start":{"line":426,"column":19},"end":{"line":426,"column":20}},"loc":{"start":{"line":426,"column":50},"end":{"line":426,"column":77}}}},"branchMap":{"0":{"loc":{"start":{"line":8,"column":9},"end":{"line":8,"column":38}},"type":"binary-expr","locations":[{"start":{"line":8,"column":9},"end":{"line":8,"column":24}},{"start":{"line":8,"column":28},"end":{"line":8,"column":38}}]},"1":{"loc":{"start":{"line":18,"column":9},"end":{"line":18,"column":38}},"type":"binary-expr","locations":[{"start":{"line":18,"column":9},"end":{"line":18,"column":24}},{"start":{"line":18,"column":28},"end":{"line":18,"column":38}}]},"2":{"loc":{"start":{"line":46,"column":4},"end":{"line":49,"column":26}},"type":"binary-expr","locations":[{"start":{"line":46,"column":4},"end":{"line":46,"column":25}},{"start":{"line":47,"column":4},"end":{"line":47,"column":25}},{"start":{"line":48,"column":4},"end":{"line":48,"column":25}},{"start":{"line":49,"column":4},"end":{"line":49,"column":26}}]},"3":{"loc":{"start":{"line":59,"column":9},"end":{"line":59,"column":48}},"type":"binary-expr","locations":[{"start":{"line":59,"column":9},"end":{"line":59,"column":21}},{"start":{"line":59,"column":25},"end":{"line":59,"column":48}}]},"4":{"loc":{"start":{"line":69,"column":4},"end":{"line":71,"column":35}},"type":"binary-expr","locations":[{"start":{"line":69,"column":4},"end":{"line":69,"column":14}},{"start":{"line":70,"column":4},"end":{"line":70,"column":34}},{"start":{"line":71,"column":4},"end":{"line":71,"column":35}}]},"5":{"loc":{"start":{"line":106,"column":9},"end":{"line":106,"column":27}},"type":"cond-expr","locations":[{"start":{"line":106,"column":20},"end":{"line":106,"column":23}},{"start":{"line":106,"column":26},"end":{"line":106,"column":27}}]},"6":{"loc":{"start":{"line":115,"column":2},"end":{"line":115,"column":null}},"type":"if","locations":[{"start":{"line":115,"column":2},"end":{"line":115,"column":null}}]},"7":{"loc":{"start":{"line":115,"column":6},"end":{"line":115,"column":45}},"type":"binary-expr","locations":[{"start":{"line":115,"column":6},"end":{"line":115,"column":29}},{"start":{"line":115,"column":33},"end":{"line":115,"column":45}}]},"8":{"loc":{"start":{"line":119,"column":2},"end":{"line":119,"column":null}},"type":"if","locations":[{"start":{"line":119,"column":2},"end":{"line":119,"column":null}}]},"9":{"loc":{"start":{"line":136,"column":9},"end":{"line":140,"column":19}},"type":"cond-expr","locations":[{"start":{"line":137,"column":6},"end":{"line":137,"column":8}},{"start":{"line":138,"column":6},"end":{"line":140,"column":19}}]},"10":{"loc":{"start":{"line":138,"column":6},"end":{"line":140,"column":19}},"type":"cond-expr","locations":[{"start":{"line":139,"column":8},"end":{"line":139,"column":36}},{"start":{"line":140,"column":8},"end":{"line":140,"column":19}}]},"11":{"loc":{"start":{"line":138,"column":6},"end":{"line":138,"column":78}},"type":"binary-expr","locations":[{"start":{"line":138,"column":6},"end":{"line":138,"column":24}},{"start":{"line":138,"column":29},"end":{"line":138,"column":47}},{"start":{"line":138,"column":51},"end":{"line":138,"column":77}}]},"12":{"loc":{"start":{"line":150,"column":10},"end":{"line":150,"column":20}},"type":"binary-expr","locations":[{"start":{"line":150,"column":10},"end":{"line":150,"column":15}},{"start":{"line":150,"column":19},"end":{"line":150,"column":20}}]},"13":{"loc":{"start":{"line":176,"column":4},"end":{"line":178,"column":null}},"type":"if","locations":[{"start":{"line":176,"column":4},"end":{"line":178,"column":null}}]},"14":{"loc":{"start":{"line":192,"column":11},"end":{"line":192,"column":40}},"type":"binary-expr","locations":[{"start":{"line":192,"column":11},"end":{"line":192,"column":14}},{"start":{"line":192,"column":19},"end":{"line":192,"column":39}}]},"15":{"loc":{"start":{"line":226,"column":84},"end":{"line":226,"column":108}},"type":"cond-expr","locations":[{"start":{"line":226,"column":88},"end":{"line":226,"column":103}},{"start":{"line":226,"column":106},"end":{"line":226,"column":108}}]},"16":{"loc":{"start":{"line":244,"column":9},"end":{"line":246,"column":46}},"type":"cond-expr","locations":[{"start":{"line":245,"column":6},"end":{"line":245,"column":60}},{"start":{"line":246,"column":6},"end":{"line":246,"column":46}}]},"17":{"loc":{"start":{"line":258,"column":2},"end":{"line":258,"column":null}},"type":"if","locations":[{"start":{"line":258,"column":2},"end":{"line":258,"column":null}}]},"18":{"loc":{"start":{"line":262,"column":2},"end":{"line":294,"column":null}},"type":"if","locations":[{"start":{"line":262,"column":2},"end":{"line":294,"column":null}},{"start":{"line":289,"column":9},"end":{"line":294,"column":null}}]},"19":{"loc":{"start":{"line":262,"column":6},"end":{"line":262,"column":28}},"type":"binary-expr","locations":[{"start":{"line":262,"column":6},"end":{"line":262,"column":15}},{"start":{"line":262,"column":19},"end":{"line":262,"column":28}}]},"20":{"loc":{"start":{"line":266,"column":6},"end":{"line":284,"column":null}},"type":"if","locations":[{"start":{"line":266,"column":6},"end":{"line":284,"column":null}},{"start":{"line":271,"column":13},"end":{"line":284,"column":null}}]},"21":{"loc":{"start":{"line":266,"column":10},"end":{"line":266,"column":30}},"type":"binary-expr","locations":[{"start":{"line":266,"column":10},"end":{"line":266,"column":18}},{"start":{"line":266,"column":22},"end":{"line":266,"column":30}}]},"22":{"loc":{"start":{"line":268,"column":15},"end":{"line":270,"column":10}},"type":"binary-expr","locations":[{"start":{"line":268,"column":15},"end":{"line":268,"column":36}},{"start":{"line":268,"column":40},"end":{"line":270,"column":10}}]},"23":{"loc":{"start":{"line":271,"column":13},"end":{"line":284,"column":null}},"type":"if","locations":[{"start":{"line":271,"column":13},"end":{"line":284,"column":null}},{"start":{"line":274,"column":13},"end":{"line":284,"column":null}}]},"24":{"loc":{"start":{"line":271,"column":17},"end":{"line":271,"column":55}},"type":"binary-expr","locations":[{"start":{"line":271,"column":17},"end":{"line":271,"column":34}},{"start":{"line":271,"column":38},"end":{"line":271,"column":55}}]},"25":{"loc":{"start":{"line":274,"column":13},"end":{"line":284,"column":null}},"type":"if","locations":[{"start":{"line":274,"column":13},"end":{"line":284,"column":null}},{"start":{"line":281,"column":13},"end":{"line":284,"column":null}}]},"26":{"loc":{"start":{"line":274,"column":17},"end":{"line":274,"column":39}},"type":"binary-expr","locations":[{"start":{"line":274,"column":17},"end":{"line":274,"column":26}},{"start":{"line":274,"column":30},"end":{"line":274,"column":39}}]},"27":{"loc":{"start":{"line":278,"column":15},"end":{"line":280,"column":10}},"type":"binary-expr","locations":[{"start":{"line":278,"column":15},"end":{"line":278,"column":44}},{"start":{"line":278,"column":48},"end":{"line":280,"column":10}}]},"28":{"loc":{"start":{"line":289,"column":9},"end":{"line":294,"column":null}},"type":"if","locations":[{"start":{"line":289,"column":9},"end":{"line":294,"column":null}},{"start":{"line":292,"column":9},"end":{"line":294,"column":null}}]},"29":{"loc":{"start":{"line":289,"column":13},"end":{"line":289,"column":37}},"type":"binary-expr","locations":[{"start":{"line":289,"column":13},"end":{"line":289,"column":23}},{"start":{"line":289,"column":27},"end":{"line":289,"column":37}}]},"30":{"loc":{"start":{"line":304,"column":2},"end":{"line":309,"column":null}},"type":"if","locations":[{"start":{"line":304,"column":2},"end":{"line":309,"column":null}}]},"31":{"loc":{"start":{"line":306,"column":4},"end":{"line":308,"column":null}},"type":"if","locations":[{"start":{"line":306,"column":4},"end":{"line":308,"column":null}}]},"32":{"loc":{"start":{"line":320,"column":2},"end":{"line":321,"column":17}},"type":"if","locations":[{"start":{"line":320,"column":2},"end":{"line":321,"column":17}}]},"33":{"loc":{"start":{"line":324,"column":18},"end":{"line":324,"column":39}},"type":"binary-expr","locations":[{"start":{"line":324,"column":18},"end":{"line":324,"column":23}},{"start":{"line":324,"column":27},"end":{"line":324,"column":39}}]},"34":{"loc":{"start":{"line":406,"column":35},"end":{"line":406,"column":117}},"type":"binary-expr","locations":[{"start":{"line":406,"column":35},"end":{"line":406,"column":48}},{"start":{"line":406,"column":52},"end":{"line":406,"column":65}},{"start":{"line":406,"column":69},"end":{"line":406,"column":83}},{"start":{"line":406,"column":87},"end":{"line":406,"column":117}}]}},"s":{"0":5,"1":5,"2":2,"3":5,"4":1,"5":5,"6":1,"7":5,"8":1,"9":5,"10":0,"11":5,"12":0,"13":5,"14":0,"15":5,"16":5,"17":0,"18":5,"19":5,"20":0,"21":5,"22":0,"23":0,"24":0,"25":0,"26":0,"27":0,"28":0,"29":0,"30":0,"31":0,"32":0,"33":5,"34":0,"35":0,"36":0,"37":0,"38":0,"39":0,"40":0,"41":0,"42":0,"43":0,"44":0,"45":0,"46":0,"47":0,"48":0,"49":0,"50":15,"51":15,"52":0,"53":0,"54":5,"55":0,"56":5,"57":0,"58":5,"59":0,"60":0,"61":0,"62":0,"63":0,"64":0,"65":0,"66":0,"67":0,"68":0,"69":5,"70":0,"71":0,"72":0,"73":0,"74":0,"75":0,"76":0,"77":0,"78":0,"79":0,"80":0,"81":0,"82":0,"83":0,"84":0,"85":0,"86":0,"87":0,"88":0,"89":0,"90":0,"91":0,"92":0,"93":0,"94":0,"95":0,"96":0,"97":0,"98":0,"99":0,"100":0,"101":0,"102":5,"103":0,"104":5,"105":5,"106":0,"107":5,"108":5,"109":0,"110":5,"111":0,"112":5,"113":0,"114":5,"115":0,"116":5,"117":0,"118":5,"119":0,"120":5,"121":0,"122":5,"123":0,"124":0,"125":0,"126":5,"127":0,"128":5},"f":{"0":2,"1":1,"2":1,"3":1,"4":0,"5":0,"6":0,"7":0,"8":0,"9":0,"10":0,"11":0,"12":0,"13":0,"14":0,"15":15,"16":0,"17":0,"18":0,"19":0,"20":0,"21":0,"22":0,"23":0,"24":0,"25":0,"26":0,"27":0,"28":0,"29":0,"30":0,"31":0,"32":0,"33":0,"34":0,"35":0,"36":0,"37":0,"38":0,"39":0},"b":{"0":[2,1],"1":[1,1],"2":[0,0,0,0],"3":[0,0],"4":[0,0,0],"5":[0,0],"6":[0],"7":[0,0],"8":[0],"9":[0,0],"10":[0,0],"11":[0,0,0],"12":[0,0],"13":[0],"14":[0,0],"15":[0,0],"16":[0,0],"17":[0],"18":[0,0],"19":[0,0],"20":[0,0],"21":[0,0],"22":[0,0],"23":[0,0],"24":[0,0],"25":[0,0],"26":[0,0],"27":[0,0],"28":[0,0],"29":[0,0],"30":[0],"31":[0],"32":[0],"33":[0,0],"34":[0,0,0,0]}}
,"E:\\toolkit-use\\src\\storage\\index.ts": {"path":"E:\\toolkit-use\\src\\storage\\index.ts","statementMap":{"0":{"start":{"line":1,"column":0},"end":{"line":1,"column":33}},"1":{"start":{"line":4,"column":19},"end":{"line":4,"column":62}},"2":{"start":{"line":6,"column":18},"end":{"line":6,"column":61}},"3":{"start":{"line":9,"column":15},"end":{"line":14,"column":null}},"4":{"start":{"line":18,"column":25},"end":{"line":20,"column":1}},"5":{"start":{"line":19,"column":2},"end":{"line":19,"column":null}},"6":{"start":{"line":23,"column":19},"end":{"line":42,"column":1}},"7":{"start":{"line":24,"column":2},"end":{"line":26,"column":null}},"8":{"start":{"line":25,"column":4},"end":{"line":25,"column":17}},"9":{"start":{"line":28,"column":2},"end":{"line":28,"column":78}},"10":{"start":{"line":28,"column":35},"end":{"line":28,"column":78}},"11":{"start":{"line":30,"column":2},"end":{"line":30,"column":52}},"12":{"start":{"line":31,"column":13},"end":{"line":35,"column":null}},"13":{"start":{"line":37,"column":24},"end":{"line":39,"column":26}},"14":{"start":{"line":41,"column":2},"end":{"line":41,"column":65}},"15":{"start":{"line":46,"column":19},"end":{"line":69,"column":1}},"16":{"start":{"line":47,"column":2},"end":{"line":47,"column":27}},"17":{"start":{"line":49,"column":2},"end":{"line":51,"column":null}},"18":{"start":{"line":50,"column":4},"end":{"line":50,"column":16}},"19":{"start":{"line":54,"column":18},"end":{"line":56,"column":50}},"20":{"start":{"line":58,"column":16},"end":{"line":58,"column":26}},"21":{"start":{"line":61,"column":2},"end":{"line":68,"column":null}},"22":{"start":{"line":62,"column":4},"end":{"line":62,"column":23}},"23":{"start":{"line":63,"column":4},"end":{"line":63,"column":16}},"24":{"start":{"line":66,"column":4},"end":{"line":66,"column":53}},"25":{"start":{"line":67,"column":4},"end":{"line":67,"column":25}},"26":{"start":{"line":72,"column":19},"end":{"line":78,"column":1}},"27":{"start":{"line":73,"column":2},"end":{"line":73,"column":27}},"28":{"start":{"line":74,"column":12},"end":{"line":76,"column":4}},"29":{"start":{"line":75,"column":4},"end":{"line":75,"column":28}},"30":{"start":{"line":77,"column":2},"end":{"line":77,"column":35}},"31":{"start":{"line":82,"column":23},"end":{"line":90,"column":1}},"32":{"start":{"line":83,"column":14},"end":{"line":83,"column":38}},"33":{"start":{"line":84,"column":13},"end":{"line":84,"column":24}},"34":{"start":{"line":85,"column":2},"end":{"line":88,"column":null}},"35":{"start":{"line":85,"column":19},"end":{"line":85,"column":20}},"36":{"start":{"line":86,"column":14},"end":{"line":86,"column":37}},"37":{"start":{"line":87,"column":4},"end":{"line":87,"column":null}},"38":{"start":{"line":89,"column":2},"end":{"line":89,"column":null}},"39":{"start":{"line":94,"column":27},"end":{"line":96,"column":1}},"40":{"start":{"line":95,"column":2},"end":{"line":95,"column":null}},"41":{"start":{"line":100,"column":25},"end":{"line":102,"column":1}},"42":{"start":{"line":101,"column":2},"end":{"line":101,"column":null}},"43":{"start":{"line":106,"column":22},"end":{"line":118,"column":1}},"44":{"start":{"line":107,"column":12},"end":{"line":107,"column":38}},"45":{"start":{"line":108,"column":12},"end":{"line":108,"column":23}},"46":{"start":{"line":109,"column":2},"end":{"line":116,"column":null}},"47":{"start":{"line":109,"column":15},"end":{"line":109,"column":16}},"48":{"start":{"line":111,"column":17},"end":{"line":111,"column":43}},"49":{"start":{"line":113,"column":17},"end":{"line":113,"column":52}},"50":{"start":{"line":115,"column":4},"end":{"line":115,"column":null}},"51":{"start":{"line":117,"column":2},"end":{"line":117,"column":null}},"52":{"start":{"line":122,"column":22},"end":{"line":124,"column":1}},"53":{"start":{"line":123,"column":2},"end":{"line":123,"column":53}},"54":{"start":{"line":128,"column":21},"end":{"line":130,"column":1}},"55":{"start":{"line":129,"column":2},"end":{"line":129,"column":30}},"56":{"start":{"line":133,"column":22},"end":{"line":136,"column":1}},"57":{"start":{"line":134,"column":17},"end":{"line":134,"column":57}},"58":{"start":{"line":135,"column":2},"end":{"line":135,"column":22}},"59":{"start":{"line":139,"column":25},"end":{"line":142,"column":1}},"60":{"start":{"line":140,"column":14},"end":{"line":140,"column":59}},"61":{"start":{"line":141,"column":2},"end":{"line":141,"column":null}},"62":{"start":{"line":149,"column":16},"end":{"line":164,"column":1}},"63":{"start":{"line":150,"column":2},"end":{"line":156,"column":null}},"64":{"start":{"line":151,"column":4},"end":{"line":155,"column":null}},"65":{"start":{"line":152,"column":6},"end":{"line":152,"column":34}},"66":{"start":{"line":154,"column":6},"end":{"line":154,"column":43}},"67":{"start":{"line":157,"column":18},"end":{"line":157,"column":47}},"68":{"start":{"line":158,"column":20},"end":{"line":162,"column":4}},"69":{"start":{"line":163,"column":2},"end":{"line":163,"column":41}},"70":{"start":{"line":171,"column":16},"end":{"line":181,"column":1}},"71":{"start":{"line":172,"column":26},"end":{"line":172,"column":54}},"72":{"start":{"line":173,"column":14},"end":{"line":173,"column":60}},"73":{"start":{"line":174,"column":18},"end":{"line":178,"column":4}},"74":{"start":{"line":179,"column":23},"end":{"line":179,"column":58}},"75":{"start":{"line":180,"column":2},"end":{"line":180,"column":33}},"76":{"start":{"line":185,"column":13},"end":{"line":200,"column":null}}},"fnMap":{"0":{"name":"(anonymous_0)","decl":{"start":{"line":18,"column":25},"end":{"line":18,"column":28}},"loc":{"start":{"line":18,"column":30},"end":{"line":20,"column":1}}},"1":{"name":"(anonymous_1)","decl":{"start":{"line":23,"column":19},"end":{"line":23,"column":20}},"loc":{"start":{"line":23,"column":46},"end":{"line":42,"column":1}}},"2":{"name":"(anonymous_2)","decl":{"start":{"line":46,"column":19},"end":{"line":46,"column":20}},"loc":{"start":{"line":46,"column":27},"end":{"line":69,"column":1}}},"3":{"name":"(anonymous_3)","decl":{"start":{"line":72,"column":19},"end":{"line":72,"column":20}},"loc":{"start":{"line":72,"column":27},"end":{"line":78,"column":1}}},"4":{"name":"(anonymous_4)","decl":{"start":{"line":74,"column":35},"end":{"line":74,"column":36}},"loc":{"start":{"line":74,"column":44},"end":{"line":76,"column":3}}},"5":{"name":"(anonymous_5)","decl":{"start":{"line":82,"column":23},"end":{"line":82,"column":26}},"loc":{"start":{"line":82,"column":28},"end":{"line":90,"column":1}}},"6":{"name":"(anonymous_6)","decl":{"start":{"line":94,"column":27},"end":{"line":94,"column":28}},"loc":{"start":{"line":94,"column":37},"end":{"line":96,"column":1}}},"7":{"name":"(anonymous_7)","decl":{"start":{"line":100,"column":25},"end":{"line":100,"column":28}},"loc":{"start":{"line":100,"column":30},"end":{"line":102,"column":1}}},"8":{"name":"(anonymous_8)","decl":{"start":{"line":106,"column":22},"end":{"line":106,"column":25}},"loc":{"start":{"line":106,"column":27},"end":{"line":118,"column":1}}},"9":{"name":"(anonymous_9)","decl":{"start":{"line":122,"column":22},"end":{"line":122,"column":23}},"loc":{"start":{"line":122,"column":30},"end":{"line":124,"column":1}}},"10":{"name":"(anonymous_10)","decl":{"start":{"line":128,"column":21},"end":{"line":128,"column":24}},"loc":{"start":{"line":128,"column":26},"end":{"line":130,"column":1}}},"11":{"name":"(anonymous_11)","decl":{"start":{"line":133,"column":22},"end":{"line":133,"column":23}},"loc":{"start":{"line":133,"column":30},"end":{"line":136,"column":1}}},"12":{"name":"(anonymous_12)","decl":{"start":{"line":139,"column":25},"end":{"line":139,"column":26}},"loc":{"start":{"line":139,"column":33},"end":{"line":142,"column":1}}},"13":{"name":"(anonymous_13)","decl":{"start":{"line":149,"column":16},"end":{"line":149,"column":17}},"loc":{"start":{"line":149,"column":25},"end":{"line":164,"column":1}}},"14":{"name":"(anonymous_14)","decl":{"start":{"line":171,"column":16},"end":{"line":171,"column":17}},"loc":{"start":{"line":171,"column":25},"end":{"line":181,"column":1}}}},"branchMap":{"0":{"loc":{"start":{"line":19,"column":9},"end":{"line":19,"column":58}},"type":"cond-expr","locations":[{"start":{"line":19,"column":46},"end":{"line":19,"column":50}},{"start":{"line":19,"column":53},"end":{"line":19,"column":58}}]},"1":{"loc":{"start":{"line":23,"column":32},"end":{"line":23,"column":42}},"type":"default-arg","locations":[{"start":{"line":23,"column":41},"end":{"line":23,"column":42}}]},"2":{"loc":{"start":{"line":24,"column":2},"end":{"line":26,"column":null}},"type":"if","locations":[{"start":{"line":24,"column":2},"end":{"line":26,"column":null}}]},"3":{"loc":{"start":{"line":24,"column":6},"end":{"line":24,"column":59}},"type":"binary-expr","locations":[{"start":{"line":24,"column":6},"end":{"line":24,"column":18}},{"start":{"line":24,"column":22},"end":{"line":24,"column":36}},{"start":{"line":24,"column":40},"end":{"line":24,"column":59}}]},"4":{"loc":{"start":{"line":28,"column":2},"end":{"line":28,"column":78}},"type":"if","locations":[{"start":{"line":28,"column":2},"end":{"line":28,"column":78}}]},"5":{"loc":{"start":{"line":28,"column":6},"end":{"line":28,"column":33}},"type":"binary-expr","locations":[{"start":{"line":28,"column":6},"end":{"line":28,"column":19}},{"start":{"line":28,"column":23},"end":{"line":28,"column":33}}]},"6":{"loc":{"start":{"line":30,"column":12},"end":{"line":30,"column":43}},"type":"cond-expr","locations":[{"start":{"line":30,"column":21},"end":{"line":30,"column":27}},{"start":{"line":30,"column":30},"end":{"line":30,"column":43}}]},"7":{"loc":{"start":{"line":37,"column":24},"end":{"line":39,"column":26}},"type":"cond-expr","locations":[{"start":{"line":38,"column":6},"end":{"line":38,"column":35}},{"start":{"line":39,"column":6},"end":{"line":39,"column":26}}]},"8":{"loc":{"start":{"line":49,"column":2},"end":{"line":51,"column":null}},"type":"if","locations":[{"start":{"line":49,"column":2},"end":{"line":51,"column":null}}]},"9":{"loc":{"start":{"line":49,"column":6},"end":{"line":49,"column":102}},"type":"binary-expr","locations":[{"start":{"line":49,"column":6},"end":{"line":49,"column":39}},{"start":{"line":49,"column":43},"end":{"line":49,"column":102}}]},"10":{"loc":{"start":{"line":54,"column":18},"end":{"line":56,"column":50}},"type":"cond-expr","locations":[{"start":{"line":55,"column":6},"end":{"line":55,"column":59}},{"start":{"line":56,"column":6},"end":{"line":56,"column":50}}]},"11":{"loc":{"start":{"line":61,"column":2},"end":{"line":68,"column":null}},"type":"if","locations":[{"start":{"line":61,"column":2},"end":{"line":68,"column":null}},{"start":{"line":64,"column":9},"end":{"line":68,"column":null}}]},"12":{"loc":{"start":{"line":61,"column":6},"end":{"line":61,"column":71}},"type":"binary-expr","locations":[{"start":{"line":61,"column":6},"end":{"line":61,"column":20}},{"start":{"line":61,"column":24},"end":{"line":61,"column":71}}]},"13":{"loc":{"start":{"line":77,"column":9},"end":{"line":77,"column":34}},"type":"cond-expr","locations":[{"start":{"line":77,"column":22},"end":{"line":77,"column":26}},{"start":{"line":77,"column":29},"end":{"line":77,"column":34}}]},"14":{"loc":{"start":{"line":134,"column":17},"end":{"line":134,"column":57}},"type":"cond-expr","locations":[{"start":{"line":134,"column":33},"end":{"line":134,"column":52}},{"start":{"line":134,"column":55},"end":{"line":134,"column":57}}]},"15":{"loc":{"start":{"line":140,"column":14},"end":{"line":140,"column":59}},"type":"cond-expr","locations":[{"start":{"line":140,"column":30},"end":{"line":140,"column":54}},{"start":{"line":140,"column":57},"end":{"line":140,"column":59}}]},"16":{"loc":{"start":{"line":150,"column":2},"end":{"line":156,"column":null}},"type":"if","locations":[{"start":{"line":150,"column":2},"end":{"line":156,"column":null}}]}},"s":{"0":5,"1":5,"2":5,"3":5,"4":5,"5":0,"6":5,"7":0,"8":0,"9":0,"10":0,"11":0,"12":0,"13":0,"14":0,"15":5,"16":0,"17":0,"18":0,"19":0,"20":0,"21":0,"22":0,"23":0,"24":0,"25":0,"26":5,"27":0,"28":0,"29":0,"30":0,"31":5,"32":0,"33":0,"34":0,"35":0,"36":0,"37":0,"38":0,"39":5,"40":0,"41":5,"42":0,"43":5,"44":0,"45":0,"46":0,"47":0,"48":0,"49":0,"50":0,"51":0,"52":5,"53":0,"54":5,"55":0,"56":5,"57":0,"58":0,"59":5,"60":0,"61":0,"62":5,"63":0,"64":0,"65":0,"66":0,"67":0,"68":0,"69":0,"70":5,"71":0,"72":0,"73":0,"74":0,"75":0,"76":5},"f":{"0":0,"1":0,"2":0,"3":0,"4":0,"5":0,"6":0,"7":0,"8":0,"9":0,"10":0,"11":0,"12":0,"13":0,"14":0},"b":{"0":[0,0],"1":[0],"2":[0],"3":[0,0,0],"4":[0],"5":[0,0],"6":[0,0],"7":[0,0],"8":[0],"9":[0,0],"10":[0,0],"11":[0,0],"12":[0,0],"13":[0,0],"14":[0,0],"15":[0,0],"16":[0]}}
,"E:\\toolkit-use\\src\\string\\index.ts": {"path":"E:\\toolkit-use\\src\\string\\index.ts","statementMap":{"0":{"start":{"line":2,"column":13},"end":{"line":12,"column":null}},"1":{"start":{"line":10,"column":4},"end":{"line":10,"column":null}}},"fnMap":{"0":{"name":"(anonymous_0)","decl":{"start":{"line":9,"column":16},"end":{"line":9,"column":17}},"loc":{"start":{"line":9,"column":48},"end":{"line":11,"column":3}}}},"branchMap":{"0":{"loc":{"start":{"line":9,"column":39},"end":{"line":9,"column":44}},"type":"default-arg","locations":[{"start":{"line":9,"column":43},"end":{"line":9,"column":44}}]}},"s":{"0":5,"1":1},"f":{"0":1},"b":{"0":[0]}}
}
