TN:
SF:src\index.ts
FN:13,(anonymous_0)
FN:15,(anonymous_1)
FN:16,(anonymous_2)
FN:17,(anonymous_3)
FN:18,(anonymous_4)
FN:19,(anonymous_5)
FN:20,(anonymous_6)
FN:21,(anonymous_7)
FN:22,(anonymous_8)
FN:23,(anonymous_9)
FNF:10
FNH:5
FNDA:0,(anonymous_0)
FNDA:4,(anonymous_1)
FNDA:11,(anonymous_2)
FNDA:3,(anonymous_3)
FNDA:0,(anonymous_4)
FNDA:1,(anonymous_5)
FNDA:5,(anonymous_6)
FNDA:0,(anonymous_7)
FNDA:0,(anonymous_8)
FNDA:0,(anonymous_9)
DA:1,5
DA:2,5
DA:3,5
DA:4,5
DA:5,5
DA:6,5
DA:7,5
DA:8,5
DA:9,5
DA:10,5
DA:13,5
DA:15,9
DA:16,16
DA:17,8
DA:18,5
DA:19,6
DA:20,10
DA:21,5
DA:22,5
DA:23,5
LF:20
LH:20
BRF:0
BRH:0
end_of_record
TN:
SF:src\array\index.ts
FN:9,(anonymous_0)
FN:25,(anonymous_1)
FN:35,(anonymous_2)
FNF:3
FNH:3
FNDA:1,(anonymous_0)
FNDA:1,(anonymous_1)
FNDA:5,(anonymous_2)
DA:2,5
DA:10,1
DA:11,1
DA:12,1
DA:13,4
DA:14,3
DA:15,3
DA:18,1
DA:26,1
DA:27,1
DA:28,1
DA:36,5
DA:40,0
DA:43,5
DA:44,5
DA:45,12
DA:47,5
LF:17
LH:16
BRDA:13,0,0,3
BRDA:36,1,0,0
BRDA:37,2,0,5
BRDA:37,2,1,5
BRDA:37,2,2,0
BRDA:43,3,0,1
BRDA:43,3,1,4
BRDA:45,4,0,3
BRDA:45,4,1,9
BRF:9
BRH:7
end_of_record
TN:
SF:src\clip\index.ts
FN:14,(anonymous_0)
FN:19,(anonymous_1)
FN:25,(anonymous_2)
FN:26,(anonymous_3)
FN:31,(anonymous_4)
FNF:5
FNH:0
FNDA:0,(anonymous_0)
FNDA:0,(anonymous_1)
FNDA:0,(anonymous_2)
FNDA:0,(anonymous_3)
FNDA:0,(anonymous_4)
DA:1,5
DA:8,0
DA:9,0
DA:15,0
DA:16,0
DA:18,0
DA:19,0
DA:21,0
DA:26,0
DA:27,0
DA:28,0
DA:31,0
DA:32,0
DA:33,0
DA:36,0
DA:42,5
LF:16
LH:2
BRDA:27,0,0,0
BRDA:27,0,1,0
BRDA:32,1,0,0
BRDA:32,1,1,0
BRF:4
BRH:0
end_of_record
TN:
SF:src\date\index.ts
FN:9,(anonymous_0)
FN:55,(anonymous_1)
FN:67,(anonymous_2)
FN:78,(anonymous_3)
FN:92,(anonymous_4)
FN:101,(anonymous_5)
FN:166,(anonymous_6)
FN:189,(anonymous_7)
FN:212,(anonymous_8)
FN:226,(anonymous_9)
FNF:10
FNH:10
FNDA:3,(anonymous_0)
FNDA:27,(anonymous_1)
FNDA:1,(anonymous_2)
FNDA:25,(anonymous_3)
FNDA:38,(anonymous_4)
FNDA:1,(anonymous_5)
FNDA:8,(anonymous_6)
FNDA:8,(anonymous_7)
FNDA:1,(anonymous_8)
FNDA:1,(anonymous_9)
DA:2,5
DA:10,3
DA:11,3
DA:21,3
DA:30,3
DA:31,3
DA:33,3
DA:34,0
DA:40,3
DA:41,24
DA:42,15
DA:48,3
DA:56,27
DA:57,1
DA:59,26
DA:68,1
DA:69,1
DA:70,1
DA:79,25
DA:80,25
DA:81,25
DA:82,25
DA:83,0
DA:85,25
DA:93,38
DA:94,38
DA:102,1
DA:103,1
DA:104,1
DA:105,1
DA:106,1
DA:107,1
DA:108,1
DA:110,1
DA:112,1
DA:113,1
DA:115,0
DA:116,0
DA:118,0
DA:130,0
DA:132,0
DA:133,0
DA:135,0
DA:136,0
DA:138,0
DA:139,0
DA:141,0
DA:142,0
DA:144,0
DA:145,0
DA:147,0
DA:148,0
DA:150,0
DA:151,0
DA:153,0
DA:154,0
DA:156,0
DA:157,0
DA:159,1
DA:167,8
DA:168,8
DA:169,8
DA:170,8
DA:171,8
DA:172,0
DA:173,8
DA:174,8
DA:175,8
DA:177,0
DA:178,0
DA:179,0
DA:181,0
DA:182,0
DA:190,8
DA:191,8
DA:192,8
DA:193,8
DA:194,8
DA:195,0
DA:196,8
DA:197,8
DA:198,8
DA:200,0
DA:201,0
DA:202,0
DA:204,0
DA:205,0
DA:213,1
DA:214,1
DA:215,1
DA:216,1
DA:217,7
DA:219,1
DA:227,1
DA:228,1
DA:229,1
DA:230,7
DA:232,1
LF:98
LH:62
BRDA:14,0,0,0
BRDA:14,0,1,3
BRDA:30,1,0,3
BRDA:33,2,0,0
BRDA:36,3,0,0
BRDA:36,3,1,0
BRDA:36,4,0,0
BRDA:36,4,1,0
BRDA:41,5,0,15
BRDA:44,6,0,0
BRDA:44,6,1,15
BRDA:56,7,0,1
BRDA:56,7,1,26
BRDA:56,8,0,27
BRDA:56,8,1,1
BRDA:56,8,2,27
BRDA:80,9,0,0
BRDA:80,10,0,25
BRDA:80,10,1,25
BRDA:82,11,0,0
BRDA:94,12,0,15
BRDA:94,12,1,23
BRDA:101,13,0,0
BRDA:110,14,0,1
BRDA:110,14,1,0
BRDA:110,14,2,0
BRDA:110,14,3,0
BRDA:110,14,4,0
BRDA:110,14,5,0
BRDA:110,14,6,0
BRDA:110,14,7,0
BRDA:110,14,8,0
BRDA:110,14,9,0
BRDA:110,14,10,0
BRDA:110,14,11,0
BRDA:171,15,0,0
BRDA:171,16,0,8
BRDA:171,16,1,8
BRDA:171,16,2,8
BRDA:174,17,0,8
BRDA:178,18,0,0
BRDA:194,19,0,0
BRDA:194,20,0,8
BRDA:194,20,1,8
BRDA:194,20,2,8
BRDA:197,21,0,8
BRDA:201,22,0,0
BRDA:213,23,0,0
BRDA:227,24,0,0
BRF:49
BRH:22
end_of_record
TN:
SF:src\decimal\index.ts
FN:9,(anonymous_0)
FN:43,(anonymous_1)
FN:56,(anonymous_2)
FNF:3
FNH:3
FNDA:3,(anonymous_0)
FNDA:1,(anonymous_1)
FNDA:1,(anonymous_2)
DA:2,5
DA:11,3
DA:13,3
DA:15,3
DA:17,3
DA:19,3
DA:21,3
DA:24,3
DA:26,0
DA:28,3
DA:30,0
DA:32,3
DA:34,3
DA:44,1
DA:45,1
DA:46,1
DA:48,1
DA:57,1
DA:58,1
DA:59,1
LF:20
LH:18
BRDA:15,0,0,3
BRDA:19,1,0,3
BRDA:19,1,1,0
BRDA:19,2,0,3
BRDA:19,2,1,3
BRDA:24,3,0,0
BRDA:43,4,0,0
BRDA:45,5,0,1
BRF:8
BRH:5
end_of_record
TN:
SF:src\dom\index.ts
FN:5,(anonymous_0)
FN:27,(anonymous_1)
FN:36,(anonymous_2)
FN:45,(anonymous_3)
FN:48,(anonymous_4)
FN:51,(anonymous_5)
FN:58,(anonymous_6)
FN:65,(anonymous_7)
FN:76,(anonymous_8)
FN:95,(anonymous_9)
FN:102,(anonymous_10)
FN:117,addClass
FN:135,removeClass
FN:152,getElementLeft
FN:162,getElementTop
FN:175,getOffset
FN:188,getViewport
FN:207,outputAttributes
FNF:18
FNH:0
FNDA:0,(anonymous_0)
FNDA:0,(anonymous_1)
FNDA:0,(anonymous_2)
FNDA:0,(anonymous_3)
FNDA:0,(anonymous_4)
FNDA:0,(anonymous_5)
FNDA:0,(anonymous_6)
FNDA:0,(anonymous_7)
FNDA:0,(anonymous_8)
FNDA:0,(anonymous_9)
FNDA:0,(anonymous_10)
FNDA:0,addClass
FNDA:0,removeClass
FNDA:0,getElementLeft
FNDA:0,getElementTop
FNDA:0,getOffset
FNDA:0,getViewport
FNDA:0,outputAttributes
DA:5,5
DA:6,0
DA:7,0
DA:8,0
DA:9,0
DA:11,0
DA:12,0
DA:26,5
DA:28,0
DA:29,0
DA:30,0
DA:31,0
DA:33,0
DA:37,0
DA:38,0
DA:39,0
DA:40,0
DA:42,0
DA:46,0
DA:49,0
DA:52,0
DA:53,0
DA:55,0
DA:59,0
DA:60,0
DA:62,0
DA:66,0
DA:67,0
DA:68,0
DA:69,0
DA:70,0
DA:71,0
DA:73,0
DA:77,0
DA:78,0
DA:80,0
DA:86,0
DA:89,0
DA:91,0
DA:96,0
DA:97,0
DA:99,0
DA:103,0
DA:104,0
DA:106,0
DA:119,0
DA:121,0
DA:123,0
DA:124,0
DA:125,0
DA:126,0
DA:127,0
DA:128,0
DA:137,0
DA:139,0
DA:141,0
DA:142,0
DA:143,0
DA:144,0
DA:147,0
DA:148,0
DA:149,0
DA:153,0
DA:154,0
DA:155,0
DA:156,0
DA:157,0
DA:159,0
DA:163,0
DA:164,0
DA:165,0
DA:166,0
DA:167,0
DA:169,0
DA:176,0
DA:180,0
DA:181,0
DA:182,0
DA:183,0
DA:185,0
DA:189,0
DA:190,0
DA:195,0
DA:210,0
DA:211,0
DA:212,0
DA:213,0
DA:214,0
DA:215,0
DA:216,0
DA:219,0
DA:223,5
LF:92
LH:3
BRDA:28,0,0,0
BRDA:28,0,1,0
BRDA:30,1,0,0
BRDA:30,1,1,0
BRDA:37,2,0,0
BRDA:37,2,1,0
BRDA:39,3,0,0
BRDA:39,3,1,0
BRDA:46,4,0,0
BRDA:46,4,1,0
BRDA:49,5,0,0
BRDA:49,5,1,0
BRDA:52,6,0,0
BRDA:52,6,1,0
BRDA:59,7,0,0
BRDA:59,7,1,0
BRDA:66,8,0,0
BRDA:66,8,1,0
BRDA:68,9,0,0
BRDA:68,9,1,0
BRDA:70,10,0,0
BRDA:70,10,1,0
BRDA:77,11,0,0
BRDA:77,11,1,0
BRDA:80,12,0,0
BRDA:80,12,1,0
BRDA:80,12,2,0
BRDA:80,12,3,0
BRDA:80,12,4,0
BRDA:80,12,5,0
BRDA:80,12,6,0
BRDA:80,12,7,0
BRDA:96,13,0,0
BRDA:96,13,1,0
BRDA:103,14,0,0
BRDA:103,14,1,0
BRDA:126,15,0,0
BRDA:142,16,0,0
BRDA:189,17,0,0
BRDA:189,17,1,0
BRDA:213,18,0,0
BRF:41
BRH:0
end_of_record
TN:
SF:src\download\index.ts
FN:7,(anonymous_0)
FN:22,(anonymous_1)
FNF:2
FNH:0
FNDA:0,(anonymous_0)
FNDA:0,(anonymous_1)
DA:2,5
DA:8,0
DA:9,0
DA:10,0
DA:11,0
DA:12,0
DA:13,0
DA:14,0
DA:24,0
DA:25,0
DA:26,0
DA:27,0
DA:29,0
DA:30,0
DA:31,0
DA:33,0
DA:35,0
DA:37,0
DA:38,0
DA:39,0
DA:40,0
DA:41,0
DA:42,0
DA:43,0
DA:44,0
DA:46,0
DA:48,0
DA:50,0
LF:28
LH:1
BRDA:25,0,0,0
BRDA:26,1,0,0
BRDA:26,1,1,0
BRDA:29,2,0,0
BRDA:30,3,0,0
BRDA:30,3,1,0
BRDA:35,4,0,0
BRDA:35,4,1,0
BRF:8
BRH:0
end_of_record
TN:
SF:src\regex\index.ts
FNF:0
FNH:0
DA:1,5
DA:3,5
DA:5,5
DA:7,5
DA:12,5
DA:15,5
DA:22,5
DA:24,5
DA:26,5
DA:28,5
DA:30,5
DA:32,5
DA:34,5
DA:36,5
DA:38,5
DA:40,5
DA:43,5
DA:45,5
DA:47,5
LF:19
LH:19
BRF:0
BRH:0
end_of_record
TN:
SF:src\shared\index.ts
FN:7,(anonymous_0)
FN:17,(anonymous_1)
FN:26,(anonymous_2)
FN:35,(anonymous_3)
FN:44,(anonymous_4)
FN:58,(anonymous_5)
FN:67,(anonymous_6)
FN:82,(anonymous_7)
FN:94,(anonymous_8)
FN:104,(anonymous_9)
FN:114,isPlainObject
FN:135,(anonymous_11)
FN:149,toArray
FN:161,extend
FN:173,toObject
FN:188,cached
FN:190,cachedFn
FN:203,(anonymous_17)
FN:213,(anonymous_18)
FN:225,(anonymous_19)
FN:226,(anonymous_20)
FN:235,makeMap
FN:245,(anonymous_22)
FN:246,(anonymous_23)
FN:256,(anonymous_24)
FN:268,(anonymous_25)
FN:278,(anonymous_26)
FN:303,remove
FN:318,looseCompareArrays
FN:337,(anonymous_29)
FN:355,(anonymous_30)
FN:366,(anonymous_31)
FN:372,(anonymous_32)
FN:378,(anonymous_33)
FN:384,(anonymous_34)
FN:390,(anonymous_35)
FN:396,(anonymous_36)
FN:406,(anonymous_37)
FN:414,(anonymous_38)
FN:426,(anonymous_39)
FNF:40
FNH:5
FNDA:2,(anonymous_0)
FNDA:1,(anonymous_1)
FNDA:1,(anonymous_2)
FNDA:1,(anonymous_3)
FNDA:0,(anonymous_4)
FNDA:0,(anonymous_5)
FNDA:0,(anonymous_6)
FNDA:0,(anonymous_7)
FNDA:0,(anonymous_8)
FNDA:0,(anonymous_9)
FNDA:0,isPlainObject
FNDA:0,(anonymous_11)
FNDA:0,toArray
FNDA:0,extend
FNDA:0,toObject
FNDA:15,cached
FNDA:0,cachedFn
FNDA:0,(anonymous_17)
FNDA:0,(anonymous_18)
FNDA:0,(anonymous_19)
FNDA:0,(anonymous_20)
FNDA:0,makeMap
FNDA:0,(anonymous_22)
FNDA:0,(anonymous_23)
FNDA:0,(anonymous_24)
FNDA:0,(anonymous_25)
FNDA:0,(anonymous_26)
FNDA:0,remove
FNDA:0,looseCompareArrays
FNDA:0,(anonymous_29)
FNDA:0,(anonymous_30)
FNDA:0,(anonymous_31)
FNDA:0,(anonymous_32)
FNDA:0,(anonymous_33)
FNDA:0,(anonymous_34)
FNDA:0,(anonymous_35)
FNDA:0,(anonymous_36)
FNDA:0,(anonymous_37)
FNDA:0,(anonymous_38)
FNDA:0,(anonymous_39)
DA:1,5
DA:7,5
DA:8,2
DA:17,5
DA:18,1
DA:26,5
DA:27,1
DA:35,5
DA:36,1
DA:44,5
DA:45,0
DA:58,5
DA:59,0
DA:67,5
DA:68,0
DA:75,5
DA:82,5
DA:83,0
DA:86,5
DA:94,5
DA:95,0
DA:104,5
DA:105,0
DA:106,0
DA:115,0
DA:117,0
DA:119,0
DA:120,0
DA:121,0
DA:122,0
DA:125,0
DA:135,5
DA:136,0
DA:150,0
DA:151,0
DA:152,0
DA:153,0
DA:154,0
DA:156,0
DA:162,0
DA:163,0
DA:165,0
DA:174,0
DA:175,0
DA:176,0
DA:177,0
DA:180,0
DA:189,15
DA:190,15
DA:191,0
DA:192,0
DA:203,5
DA:204,0
DA:213,5
DA:214,0
DA:225,5
DA:226,0
DA:239,0
DA:240,0
DA:241,0
DA:242,0
DA:244,0
DA:245,0
DA:246,0
DA:256,5
DA:258,0
DA:259,0
DA:260,0
DA:262,0
DA:263,0
DA:264,0
DA:265,0
DA:266,0
DA:268,0
DA:269,0
DA:271,0
DA:273,0
DA:274,0
DA:276,0
DA:277,0
DA:278,0
DA:279,0
DA:289,0
DA:291,0
DA:293,0
DA:304,0
DA:305,0
DA:306,0
DA:307,0
DA:320,0
DA:321,0
DA:322,0
DA:324,0
DA:325,0
DA:327,0
DA:337,5
DA:338,0
DA:349,5
DA:355,5
DA:360,5
DA:366,5
DA:372,5
DA:378,5
DA:384,5
DA:390,5
DA:396,5
DA:406,5
DA:414,5
DA:415,0
DA:416,0
DA:426,5
DA:428,5
LF:112
LH:38
BRDA:8,0,0,2
BRDA:8,0,1,1
BRDA:18,1,0,1
BRDA:18,1,1,1
BRDA:46,2,0,0
BRDA:46,2,1,0
BRDA:46,2,2,0
BRDA:46,2,3,0
BRDA:59,3,0,0
BRDA:59,3,1,0
BRDA:69,4,0,0
BRDA:69,4,1,0
BRDA:69,4,2,0
BRDA:106,5,0,0
BRDA:106,5,1,0
BRDA:115,6,0,0
BRDA:115,7,0,0
BRDA:115,7,1,0
BRDA:119,8,0,0
BRDA:136,9,0,0
BRDA:136,9,1,0
BRDA:138,10,0,0
BRDA:138,10,1,0
BRDA:138,11,0,0
BRDA:138,11,1,0
BRDA:138,11,2,0
BRDA:150,12,0,0
BRDA:150,12,1,0
BRDA:176,13,0,0
BRDA:192,14,0,0
BRDA:192,14,1,0
BRDA:226,15,0,0
BRDA:226,15,1,0
BRDA:244,16,0,0
BRDA:244,16,1,0
BRDA:258,17,0,0
BRDA:262,18,0,0
BRDA:262,18,1,0
BRDA:262,19,0,0
BRDA:262,19,1,0
BRDA:266,20,0,0
BRDA:266,20,1,0
BRDA:266,21,0,0
BRDA:266,21,1,0
BRDA:268,22,0,0
BRDA:268,22,1,0
BRDA:271,23,0,0
BRDA:271,23,1,0
BRDA:271,24,0,0
BRDA:271,24,1,0
BRDA:274,25,0,0
BRDA:274,25,1,0
BRDA:274,26,0,0
BRDA:274,26,1,0
BRDA:278,27,0,0
BRDA:278,27,1,0
BRDA:289,28,0,0
BRDA:289,28,1,0
BRDA:289,29,0,0
BRDA:289,29,1,0
BRDA:304,30,0,0
BRDA:306,31,0,0
BRDA:320,32,0,0
BRDA:324,33,0,0
BRDA:324,33,1,0
BRDA:406,34,0,0
BRDA:406,34,1,0
BRDA:406,34,2,0
BRDA:406,34,3,0
BRF:69
BRH:4
end_of_record
TN:
SF:src\storage\index.ts
FN:18,(anonymous_0)
FN:23,(anonymous_1)
FN:46,(anonymous_2)
FN:72,(anonymous_3)
FN:74,(anonymous_4)
FN:82,(anonymous_5)
FN:94,(anonymous_6)
FN:100,(anonymous_7)
FN:106,(anonymous_8)
FN:122,(anonymous_9)
FN:128,(anonymous_10)
FN:133,(anonymous_11)
FN:139,(anonymous_12)
FN:149,(anonymous_13)
FN:171,(anonymous_14)
FNF:15
FNH:0
FNDA:0,(anonymous_0)
FNDA:0,(anonymous_1)
FNDA:0,(anonymous_2)
FNDA:0,(anonymous_3)
FNDA:0,(anonymous_4)
FNDA:0,(anonymous_5)
FNDA:0,(anonymous_6)
FNDA:0,(anonymous_7)
FNDA:0,(anonymous_8)
FNDA:0,(anonymous_9)
FNDA:0,(anonymous_10)
FNDA:0,(anonymous_11)
FNDA:0,(anonymous_12)
FNDA:0,(anonymous_13)
FNDA:0,(anonymous_14)
DA:1,5
DA:4,5
DA:6,5
DA:9,5
DA:18,5
DA:19,0
DA:23,5
DA:24,0
DA:25,0
DA:28,0
DA:30,0
DA:31,0
DA:37,0
DA:41,0
DA:46,5
DA:47,0
DA:49,0
DA:50,0
DA:54,0
DA:58,0
DA:61,0
DA:62,0
DA:63,0
DA:66,0
DA:67,0
DA:72,5
DA:73,0
DA:74,0
DA:75,0
DA:77,0
DA:82,5
DA:83,0
DA:84,0
DA:85,0
DA:86,0
DA:87,0
DA:89,0
DA:94,5
DA:95,0
DA:100,5
DA:101,0
DA:106,5
DA:107,0
DA:108,0
DA:109,0
DA:111,0
DA:113,0
DA:115,0
DA:117,0
DA:122,5
DA:123,0
DA:128,5
DA:129,0
DA:133,5
DA:134,0
DA:135,0
DA:139,5
DA:140,0
DA:141,0
DA:149,5
DA:150,0
DA:151,0
DA:152,0
DA:154,0
DA:157,0
DA:158,0
DA:163,0
DA:171,5
DA:172,0
DA:173,0
DA:174,0
DA:179,0
DA:180,0
DA:185,5
LF:74
LH:19
BRDA:19,0,0,0
BRDA:19,0,1,0
BRDA:23,1,0,0
BRDA:24,2,0,0
BRDA:24,3,0,0
BRDA:24,3,1,0
BRDA:24,3,2,0
BRDA:28,4,0,0
BRDA:28,5,0,0
BRDA:28,5,1,0
BRDA:30,6,0,0
BRDA:30,6,1,0
BRDA:37,7,0,0
BRDA:37,7,1,0
BRDA:49,8,0,0
BRDA:49,9,0,0
BRDA:49,9,1,0
BRDA:54,10,0,0
BRDA:54,10,1,0
BRDA:61,11,0,0
BRDA:61,11,1,0
BRDA:61,12,0,0
BRDA:61,12,1,0
BRDA:77,13,0,0
BRDA:77,13,1,0
BRDA:134,14,0,0
BRDA:134,14,1,0
BRDA:140,15,0,0
BRDA:140,15,1,0
BRDA:150,16,0,0
BRF:30
BRH:0
end_of_record
TN:
SF:src\string\index.ts
FN:9,(anonymous_0)
FNF:1
FNH:1
FNDA:1,(anonymous_0)
DA:2,5
DA:10,1
LF:2
LH:2
BRDA:9,0,0,0
BRF:1
BRH:0
end_of_record
